# JRE version: Java(TM) SE Runtime Environment (8.0_152-b16) (build 1.8.0_152-b16)
# Java VM: Java HotSpot(TM) 64-Bit Server VM (25.152-b16 mixed mode windows-amd64 compressed oops)
Heap:
 PSYoungGen      total 100352K, used 17031K [0x00000000f5580000, 0x00000000fdc00000, 0x0000000100000000)
  eden space 87040K, 19% used [0x00000000f5580000,0x00000000f6621fc8,0x00000000faa80000)
  from space 13312K, 0% used [0x00000000faa80000,0x00000000faa80000,0x00000000fb780000)
  to   space 15360K, 0% used [0x00000000fcd00000,0x00000000fcd00000,0x00000000fdc00000)
 ParOldGen       total 104448K, used 32515K [0x00000000e0000000, 0x00000000e6600000, 0x00000000f5580000)
  object space 104448K, 31% used [0x00000000e0000000,0x00000000e1fc0c00,0x00000000e6600000)
 Metaspace       used 56368K, capacity 57920K, committed 58160K, reserved 1101824K
  class space    used 7792K, capacity 8151K, committed 8240K, reserved 1048576K
GC Heap History (10 events):
Event: 14.682 GC heap before
{Heap before GC invocations=12 (full 2):
 PSYoungGen      total 82432K, used 76387K [0x00000000f5580000, 0x00000000fc380000, 0x0000000100000000)
  eden space 70144K, 100% used [0x00000000f5580000,0x00000000f9a00000,0x00000000f9a00000)
  from space 12288K, 50% used [0x00000000f9a00000,0x00000000fa018f38,0x00000000fa600000)
  to   space 11776K, 0% used [0x00000000fb800000,0x00000000fb800000,0x00000000fc380000)
 ParOldGen       total 104448K, used 16465K [0x00000000e0000000, 0x00000000e6600000, 0x00000000f5580000)
  object space 104448K, 15% used [0x00000000e0000000,0x00000000e1014608,0x00000000e6600000)
 Metaspace       used 45105K, capacity 45954K, committed 46256K, reserved 1089536K
  class space    used 6237K, capacity 6492K, committed 6576K, reserved 1048576K
Event: 14.693 GC heap after
Heap after GC invocations=12 (full 2):
 PSYoungGen      total 98816K, used 11763K [0x00000000f5580000, 0x00000000fc480000, 0x0000000100000000)
  eden space 87040K, 0% used [0x00000000f5580000,0x00000000f5580000,0x00000000faa80000)
  from space 11776K, 99% used [0x00000000fb800000,0x00000000fc37cca8,0x00000000fc380000)
  to   space 13312K, 0% used [0x00000000faa80000,0x00000000faa80000,0x00000000fb780000)
 ParOldGen       total 104448K, used 16606K [0x00000000e0000000, 0x00000000e6600000, 0x00000000f5580000)
  object space 104448K, 15% used [0x00000000e0000000,0x00000000e1037b08,0x00000000e6600000)
 Metaspace       used 45105K, capacity 45954K, committed 46256K, reserved 1089536K
  class space    used 6237K, capacity 6492K, committed 6576K, reserved 1048576K
}
Event: 16.490 GC heap before
{Heap before GC invocations=13 (full 2):
 PSYoungGen      total 98816K, used 98803K [0x00000000f5580000, 0x00000000fc480000, 0x0000000100000000)
  eden space 87040K, 100% used [0x00000000f5580000,0x00000000faa80000,0x00000000faa80000)
  from space 11776K, 99% used [0x00000000fb800000,0x00000000fc37cca8,0x00000000fc380000)
  to   space 13312K, 0% used [0x00000000faa80000,0x00000000faa80000,0x00000000fb780000)
 ParOldGen       total 104448K, used 16606K [0x00000000e0000000, 0x00000000e6600000, 0x00000000f5580000)
  object space 104448K, 15% used [0x00000000e0000000,0x00000000e1037b08,0x00000000e6600000)
 Metaspace       used 48349K, capacity 49542K, committed 49840K, reserved 1091584K
  class space    used 6678K, capacity 6992K, committed 7088K, reserved 1048576K
Event: 16.502 GC heap after
Heap after GC invocations=13 (full 2):
 PSYoungGen      total 100352K, used 13304K [0x00000000f5580000, 0x00000000fdc00000, 0x0000000100000000)
  eden space 87040K, 0% used [0x00000000f5580000,0x00000000f5580000,0x00000000faa80000)
  from space 13312K, 99% used [0x00000000faa80000,0x00000000fb77e0f8,0x00000000fb780000)
  to   space 15360K, 0% used [0x00000000fcd00000,0x00000000fcd00000,0x00000000fdc00000)
 ParOldGen       total 104448K, used 18455K [0x00000000e0000000, 0x00000000e6600000, 0x00000000f5580000)
  object space 104448K, 17% used [0x00000000e0000000,0x00000000e1205eb8,0x00000000e6600000)
 Metaspace       used 48349K, capacity 49542K, committed 49840K, reserved 1091584K
  class space    used 6678K, capacity 6992K, committed 7088K, reserved 1048576K
}
Event: 18.492 GC heap before
{Heap before GC invocations=14 (full 2):
 PSYoungGen      total 100352K, used 100344K [0x00000000f5580000, 0x00000000fdc00000, 0x0000000100000000)
  eden space 87040K, 100% used [0x00000000f5580000,0x00000000faa80000,0x00000000faa80000)
  from space 13312K, 99% used [0x00000000faa80000,0x00000000fb77e0f8,0x00000000fb780000)
  to   space 15360K, 0% used [0x00000000fcd00000,0x00000000fcd00000,0x00000000fdc00000)
 ParOldGen       total 104448K, used 18455K [0x00000000e0000000, 0x00000000e6600000, 0x00000000f5580000)
  object space 104448K, 17% used [0x00000000e0000000,0x00000000e1205eb8,0x00000000e6600000)
 Metaspace       used 52050K, capacity 53590K, committed 53808K, reserved 1095680K
  class space    used 7241K, capacity 7602K, committed 7728K, reserved 1048576K
Event: 18.511 GC heap after
Heap after GC invocations=14 (full 2):
 PSYoungGen      total 102400K, used 15329K [0x00000000f5580000, 0x00000000fdc00000, 0x0000000100000000)
  eden space 87040K, 0% used [0x00000000f5580000,0x00000000f5580000,0x00000000faa80000)
  from space 15360K, 99% used [0x00000000fcd00000,0x00000000fdbf85b0,0x00000000fdc00000)
  to   space 13312K, 0% used [0x00000000faa80000,0x00000000faa80000,0x00000000fb780000)
 ParOldGen       total 104448K, used 23957K [0x00000000e0000000, 0x00000000e6600000, 0x00000000f5580000)
  object space 104448K, 22% used [0x00000000e0000000,0x00000000e17655b0,0x00000000e6600000)
 Metaspace       used 52050K, capacity 53590K, committed 53808K, reserved 1095680K
  class space    used 7241K, capacity 7602K, committed 7728K, reserved 1048576K
}
Event: 19.495 GC heap before
{Heap before GC invocations=15 (full 2):
 PSYoungGen      total 102400K, used 37575K [0x00000000f5580000, 0x00000000fdc00000, 0x0000000100000000)
  eden space 87040K, 25% used [0x00000000f5580000,0x00000000f6b39660,0x00000000faa80000)
  from space 15360K, 99% used [0x00000000fcd00000,0x00000000fdbf85b0,0x00000000fdc00000)
  to   space 13312K, 0% used [0x00000000faa80000,0x00000000faa80000,0x00000000fb780000)
 ParOldGen       total 104448K, used 23957K [0x00000000e0000000, 0x00000000e6600000, 0x00000000f5580000)
  object space 104448K, 22% used [0x00000000e0000000,0x00000000e17655b0,0x00000000e6600000)
 Metaspace       used 53587K, capacity 55168K, committed 55216K, reserved 1101824K
  class space    used 7452K, capacity 7831K, committed 7856K, reserved 1048576K
Event: 19.509 GC heap after
Heap after GC invocations=15 (full 2):
 PSYoungGen      total 100352K, used 13289K [0x00000000f5580000, 0x00000000fdc00000, 0x0000000100000000)
  eden space 87040K, 0% used [0x00000000f5580000,0x00000000f5580000,0x00000000faa80000)
  from space 13312K, 99% used [0x00000000faa80000,0x00000000fb77a5c0,0x00000000fb780000)
  to   space 15360K, 0% used [0x00000000fcd00000,0x00000000fcd00000,0x00000000fdc00000)
 ParOldGen       total 104448K, used 27275K [0x00000000e0000000, 0x00000000e6600000, 0x00000000f5580000)
  object space 104448K, 26% used [0x00000000e0000000,0x00000000e1aa2db0,0x00000000e6600000)
 Metaspace       used 53587K, capacity 55168K, committed 55216K, reserved 1101824K
  class space    used 7452K, capacity 7831K, committed 7856K, reserved 1048576K
}
Event: 19.509 GC heap before
{Heap before GC invocations=16 (full 3):
 PSYoungGen      total 100352K, used 13289K [0x00000000f5580000, 0x00000000fdc00000, 0x0000000100000000)
  eden space 87040K, 0% used [0x00000000f5580000,0x00000000f5580000,0x00000000faa80000)
  from space 13312K, 99% used [0x00000000faa80000,0x00000000fb77a5c0,0x00000000fb780000)
  to   space 15360K, 0% used [0x00000000fcd00000,0x00000000fcd00000,0x00000000fdc00000)
 ParOldGen       total 104448K, used 27275K [0x00000000e0000000, 0x00000000e6600000, 0x00000000f5580000)
  object space 104448K, 26% used [0x00000000e0000000,0x00000000e1aa2db0,0x00000000e6600000)
 Metaspace       used 53587K, capacity 55168K, committed 55216K, reserved 1101824K
  class space    used 7452K, capacity 7831K, committed 7856K, reserved 1048576K
Event: 19.674 GC heap after
Heap after GC invocations=16 (full 3):
 PSYoungGen      total 100352K, used 0K [0x00000000f5580000, 0x00000000fdc00000, 0x0000000100000000)
  eden space 87040K, 0% used [0x00000000f5580000,0x00000000f5580000,0x00000000faa80000)
  from space 13312K, 0% used [0x00000000faa80000,0x00000000faa80000,0x00000000fb780000)
  to   space 15360K, 0% used [0x00000000fcd00000,0x00000000fcd00000,0x00000000fdc00000)
 ParOldGen       total 104448K, used 32515K [0x00000000e0000000, 0x00000000e6600000, 0x00000000f5580000)
  object space 104448K, 31% used [0x00000000e0000000,0x00000000e1fc0c00,0x00000000e6600000)
 Metaspace       used 53587K, capacity 55168K, committed 55216K, reserved 1099776K
  class space    used 7452K, capacity 7831K, committed 7856K, reserved 1048576K
}

