# JRE version: Java(TM) SE Runtime Environment (8.0_152-b16) (build 1.8.0_152-b16)
# Java VM: Java HotSpot(TM) 64-Bit Server VM (25.152-b16 mixed mode windows-amd64 compressed oops)
Heap:
 PSYoungGen      total 161792K, used 42720K [0x00000000f5580000, 0x0000000100000000, 0x0000000100000000)
  eden space 148992K, 20% used [0x00000000f5580000,0x00000000f72bfae0,0x00000000fe700000)
  from space 12800K, 99% used [0x00000000fe700000,0x00000000ff3785e0,0x00000000ff380000)
  to   space 12800K, 0% used [0x00000000ff380000,0x00000000ff380000,0x0000000100000000)
 ParOldGen       total 87040K, used 21614K [0x00000000e0000000, 0x00000000e5500000, 0x00000000f5580000)
  object space 87040K, 24% used [0x00000000e0000000,0x00000000e151b908,0x00000000e5500000)
 Metaspace       used 51548K, capacity 53122K, committed 53168K, reserved 1095680K
  class space    used 7197K, capacity 7558K, committed 7600K, reserved 1048576K
GC Heap History (10 events):
Event: 5.976 GC heap before
{Heap before GC invocations=7 (full 1):
 PSYoungGen      total 71680K, used 71650K [0x00000000f5580000, 0x00000000fd480000, 0x0000000100000000)
  eden space 66560K, 100% used [0x00000000f5580000,0x00000000f9680000,0x00000000f9680000)
  from space 5120K, 99% used [0x00000000f9680000,0x00000000f9b78a90,0x00000000f9b80000)
  to   space 10752K, 0% used [0x00000000fca00000,0x00000000fca00000,0x00000000fd480000)
 ParOldGen       total 59904K, used 11103K [0x00000000e0000000, 0x00000000e3a80000, 0x00000000f5580000)
  object space 59904K, 18% used [0x00000000e0000000,0x00000000e0ad7cd8,0x00000000e3a80000)
 Metaspace       used 30783K, capacity 31446K, committed 31792K, reserved 1077248K
  class space    used 4359K, capacity 4560K, committed 4656K, reserved 1048576K
Event: 5.987 GC heap after
Heap after GC invocations=7 (full 1):
 PSYoungGen      total 117248K, used 9765K [0x00000000f5580000, 0x00000000fd480000, 0x0000000100000000)
  eden space 106496K, 0% used [0x00000000f5580000,0x00000000f5580000,0x00000000fbd80000)
  from space 10752K, 90% used [0x00000000fca00000,0x00000000fd3895f0,0x00000000fd480000)
  to   space 11776K, 0% used [0x00000000fbd80000,0x00000000fbd80000,0x00000000fc900000)
 ParOldGen       total 59904K, used 11111K [0x00000000e0000000, 0x00000000e3a80000, 0x00000000f5580000)
  object space 59904K, 18% used [0x00000000e0000000,0x00000000e0ad9cd8,0x00000000e3a80000)
 Metaspace       used 30783K, capacity 31446K, committed 31792K, reserved 1077248K
  class space    used 4359K, capacity 4560K, committed 4656K, reserved 1048576K
}
Event: 6.340 GC heap before
{Heap before GC invocations=8 (full 1):
 PSYoungGen      total 117248K, used 31473K [0x00000000f5580000, 0x00000000fd480000, 0x0000000100000000)
  eden space 106496K, 20% used [0x00000000f5580000,0x00000000f6ab2f18,0x00000000fbd80000)
  from space 10752K, 90% used [0x00000000fca00000,0x00000000fd3895f0,0x00000000fd480000)
  to   space 11776K, 0% used [0x00000000fbd80000,0x00000000fbd80000,0x00000000fc900000)
 ParOldGen       total 59904K, used 11111K [0x00000000e0000000, 0x00000000e3a80000, 0x00000000f5580000)
  object space 59904K, 18% used [0x00000000e0000000,0x00000000e0ad9cd8,0x00000000e3a80000)
 Metaspace       used 34690K, capacity 35300K, committed 35496K, reserved 1079296K
  class space    used 4866K, capacity 5124K, committed 5168K, reserved 1048576K
Event: 6.347 GC heap after
Heap after GC invocations=8 (full 1):
 PSYoungGen      total 118272K, used 8632K [0x00000000f5580000, 0x0000000100000000, 0x0000000100000000)
  eden space 106496K, 0% used [0x00000000f5580000,0x00000000f5580000,0x00000000fbd80000)
  from space 11776K, 73% used [0x00000000fbd80000,0x00000000fc5ee0b0,0x00000000fc900000)
  to   space 11776K, 0% used [0x00000000ff480000,0x00000000ff480000,0x0000000100000000)
 ParOldGen       total 59904K, used 11119K [0x00000000e0000000, 0x00000000e3a80000, 0x00000000f5580000)
  object space 59904K, 18% used [0x00000000e0000000,0x00000000e0adbcd8,0x00000000e3a80000)
 Metaspace       used 34690K, capacity 35300K, committed 35496K, reserved 1079296K
  class space    used 4866K, capacity 5124K, committed 5168K, reserved 1048576K
}
Event: 6.347 GC heap before
{Heap before GC invocations=9 (full 2):
 PSYoungGen      total 118272K, used 8632K [0x00000000f5580000, 0x0000000100000000, 0x0000000100000000)
  eden space 106496K, 0% used [0x00000000f5580000,0x00000000f5580000,0x00000000fbd80000)
  from space 11776K, 73% used [0x00000000fbd80000,0x00000000fc5ee0b0,0x00000000fc900000)
  to   space 11776K, 0% used [0x00000000ff480000,0x00000000ff480000,0x0000000100000000)
 ParOldGen       total 59904K, used 11119K [0x00000000e0000000, 0x00000000e3a80000, 0x00000000f5580000)
  object space 59904K, 18% used [0x00000000e0000000,0x00000000e0adbcd8,0x00000000e3a80000)
 Metaspace       used 34690K, capacity 35300K, committed 35496K, reserved 1079296K
  class space    used 4866K, capacity 5124K, committed 5168K, reserved 1048576K
Event: 6.396 GC heap after
Heap after GC invocations=9 (full 2):
 PSYoungGen      total 118272K, used 0K [0x00000000f5580000, 0x0000000100000000, 0x0000000100000000)
  eden space 106496K, 0% used [0x00000000f5580000,0x00000000f5580000,0x00000000fbd80000)
  from space 11776K, 0% used [0x00000000fbd80000,0x00000000fbd80000,0x00000000fc900000)
  to   space 11776K, 0% used [0x00000000ff480000,0x00000000ff480000,0x0000000100000000)
 ParOldGen       total 87040K, used 15058K [0x00000000e0000000, 0x00000000e5500000, 0x00000000f5580000)
  object space 87040K, 17% used [0x00000000e0000000,0x00000000e0eb4858,0x00000000e5500000)
 Metaspace       used 34690K, capacity 35300K, committed 35496K, reserved 1079296K
  class space    used 4866K, capacity 5124K, committed 5168K, reserved 1048576K
}
Event: 7.261 GC heap before
{Heap before GC invocations=10 (full 2):
 PSYoungGen      total 118272K, used 106496K [0x00000000f5580000, 0x0000000100000000, 0x0000000100000000)
  eden space 106496K, 100% used [0x00000000f5580000,0x00000000fbd80000,0x00000000fbd80000)
  from space 11776K, 0% used [0x00000000fbd80000,0x00000000fbd80000,0x00000000fc900000)
  to   space 11776K, 0% used [0x00000000ff480000,0x00000000ff480000,0x0000000100000000)
 ParOldGen       total 87040K, used 15058K [0x00000000e0000000, 0x00000000e5500000, 0x00000000f5580000)
  object space 87040K, 17% used [0x00000000e0000000,0x00000000e0eb4858,0x00000000e5500000)
 Metaspace       used 39691K, capacity 40492K, committed 40880K, reserved 1085440K
  class space    used 5522K, capacity 5749K, committed 5808K, reserved 1048576K
Event: 7.279 GC heap after
Heap after GC invocations=10 (full 2):
 PSYoungGen      total 160768K, used 11390K [0x00000000f5580000, 0x0000000100000000, 0x0000000100000000)
  eden space 148992K, 0% used [0x00000000f5580000,0x00000000f5580000,0x00000000fe700000)
  from space 11776K, 96% used [0x00000000ff480000,0x00000000fff9f890,0x0000000100000000)
  to   space 12800K, 0% used [0x00000000fe700000,0x00000000fe700000,0x00000000ff380000)
 ParOldGen       total 87040K, used 15066K [0x00000000e0000000, 0x00000000e5500000, 0x00000000f5580000)
  object space 87040K, 17% used [0x00000000e0000000,0x00000000e0eb6858,0x00000000e5500000)
 Metaspace       used 39691K, capacity 40492K, committed 40880K, reserved 1085440K
  class space    used 5522K, capacity 5749K, committed 5808K, reserved 1048576K
}
Event: 11.318 GC heap before
{Heap before GC invocations=11 (full 2):
 PSYoungGen      total 160768K, used 160382K [0x00000000f5580000, 0x0000000100000000, 0x0000000100000000)
  eden space 148992K, 100% used [0x00000000f5580000,0x00000000fe700000,0x00000000fe700000)
  from space 11776K, 96% used [0x00000000ff480000,0x00000000fff9f890,0x0000000100000000)
  to   space 12800K, 0% used [0x00000000fe700000,0x00000000fe700000,0x00000000ff380000)
 ParOldGen       total 87040K, used 15066K [0x00000000e0000000, 0x00000000e5500000, 0x00000000f5580000)
  object space 87040K, 17% used [0x00000000e0000000,0x00000000e0eb6858,0x00000000e5500000)
 Metaspace       used 50135K, capacity 51642K, committed 51760K, reserved 1093632K
  class space    used 6972K, capacity 7354K, committed 7472K, reserved 1048576K
Event: 11.335 GC heap after
Heap after GC invocations=11 (full 2):
 PSYoungGen      total 161792K, used 12769K [0x00000000f5580000, 0x0000000100000000, 0x0000000100000000)
  eden space 148992K, 0% used [0x00000000f5580000,0x00000000f5580000,0x00000000fe700000)
  from space 12800K, 99% used [0x00000000fe700000,0x00000000ff3785e0,0x00000000ff380000)
  to   space 12800K, 0% used [0x00000000ff380000,0x00000000ff380000,0x0000000100000000)
 ParOldGen       total 87040K, used 21614K [0x00000000e0000000, 0x00000000e5500000, 0x00000000f5580000)
  object space 87040K, 24% used [0x00000000e0000000,0x00000000e151b908,0x00000000e5500000)
 Metaspace       used 50135K, capacity 51642K, committed 51760K, reserved 1093632K
  class space    used 6972K, capacity 7354K, committed 7472K, reserved 1048576K
}

