# JRE version: Java(TM) SE Runtime Environment (8.0_152-b16) (build 1.8.0_152-b16)
# Java VM: Java HotSpot(TM) 64-Bit Server VM (25.152-b16 mixed mode windows-amd64 compressed oops)
Heap:
 PSYoungGen      total 137216K, used 83426K [0x00000000f5580000, 0x0000000100000000, 0x0000000100000000)
  eden space 98816K, 79% used [0x00000000f5580000,0x00000000fa21bf88,0x00000000fb600000)
  from space 38400K, 12% used [0x00000000fda80000,0x00000000fdf5cb68,0x0000000100000000)
  to   space 37376K, 0% used [0x00000000fb600000,0x00000000fb600000,0x00000000fda80000)
 ParOldGen       total 174592K, used 70599K [0x00000000e0000000, 0x00000000eaa80000, 0x00000000f5580000)
  object space 174592K, 40% used [0x00000000e0000000,0x00000000e44f1d10,0x00000000eaa80000)
 Metaspace       used 72771K, capacity 74972K, committed 79000K, reserved 1118208K
  class space    used 9480K, capacity 9966K, committed 10648K, reserved 1048576K
GC Heap History (10 events):
Event: 4320.700 GC heap before
{Heap before GC invocations=20 (full 3):
 PSYoungGen      total 132096K, used 132075K [0x00000000f5580000, 0x0000000100000000, 0x0000000100000000)
  eden space 115200K, 100% used [0x00000000f5580000,0x00000000fc600000,0x00000000fc600000)
  from space 16896K, 99% used [0x00000000fef80000,0x00000000ffffad48,0x0000000100000000)
  to   space 29696K, 0% used [0x00000000fc600000,0x00000000fc600000,0x00000000fe300000)
 ParOldGen       total 116736K, used 68279K [0x00000000e0000000, 0x00000000e7200000, 0x00000000f5580000)
  object space 116736K, 58% used [0x00000000e0000000,0x00000000e42adde0,0x00000000e7200000)
 Metaspace       used 75266K, capacity 78148K, committed 78488K, reserved 1118208K
  class space    used 9921K, capacity 10546K, committed 10648K, reserved 1048576K
Event: 4320.726 GC heap after
Heap after GC invocations=20 (full 3):
 PSYoungGen      total 144896K, used 29690K [0x00000000f5580000, 0x0000000100000000, 0x0000000100000000)
  eden space 115200K, 0% used [0x00000000f5580000,0x00000000f5580000,0x00000000fc600000)
  from space 29696K, 99% used [0x00000000fc600000,0x00000000fe2fe940,0x00000000fe300000)
  to   space 29696K, 0% used [0x00000000fe300000,0x00000000fe300000,0x0000000100000000)
 ParOldGen       total 116736K, used 85059K [0x00000000e0000000, 0x00000000e7200000, 0x00000000f5580000)
  object space 116736K, 72% used [0x00000000e0000000,0x00000000e5310ec8,0x00000000e7200000)
 Metaspace       used 75266K, capacity 78148K, committed 78488K, reserved 1118208K
  class space    used 9921K, capacity 10546K, committed 10648K, reserved 1048576K
}
Event: 4321.022 GC heap before
{Heap before GC invocations=21 (full 3):
 PSYoungGen      total 144896K, used 144890K [0x00000000f5580000, 0x0000000100000000, 0x0000000100000000)
  eden space 115200K, 100% used [0x00000000f5580000,0x00000000fc600000,0x00000000fc600000)
  from space 29696K, 99% used [0x00000000fc600000,0x00000000fe2fe940,0x00000000fe300000)
  to   space 29696K, 0% used [0x00000000fe300000,0x00000000fe300000,0x0000000100000000)
 ParOldGen       total 116736K, used 85059K [0x00000000e0000000, 0x00000000e7200000, 0x00000000f5580000)
  object space 116736K, 72% used [0x00000000e0000000,0x00000000e5310ec8,0x00000000e7200000)
 Metaspace       used 75783K, capacity 78724K, committed 79000K, reserved 1118208K
  class space    used 9974K, capacity 10610K, committed 10648K, reserved 1048576K
Event: 4321.081 GC heap after
Heap after GC invocations=21 (full 3):
 PSYoungGen      total 128512K, used 15798K [0x00000000f5580000, 0x0000000100000000, 0x0000000100000000)
  eden space 98816K, 0% used [0x00000000f5580000,0x00000000f5580000,0x00000000fb600000)
  from space 29696K, 53% used [0x00000000fe300000,0x00000000ff26db28,0x0000000100000000)
  to   space 37888K, 0% used [0x00000000fb600000,0x00000000fb600000,0x00000000fdb00000)
 ParOldGen       total 124928K, used 120532K [0x00000000e0000000, 0x00000000e7a00000, 0x00000000f5580000)
  object space 124928K, 96% used [0x00000000e0000000,0x00000000e75b50d0,0x00000000e7a00000)
 Metaspace       used 75783K, capacity 78724K, committed 79000K, reserved 1118208K
  class space    used 9974K, capacity 10610K, committed 10648K, reserved 1048576K
}
Event: 4321.081 GC heap before
{Heap before GC invocations=22 (full 4):
 PSYoungGen      total 128512K, used 15798K [0x00000000f5580000, 0x0000000100000000, 0x0000000100000000)
  eden space 98816K, 0% used [0x00000000f5580000,0x00000000f5580000,0x00000000fb600000)
  from space 29696K, 53% used [0x00000000fe300000,0x00000000ff26db28,0x0000000100000000)
  to   space 37888K, 0% used [0x00000000fb600000,0x00000000fb600000,0x00000000fdb00000)
 ParOldGen       total 124928K, used 120532K [0x00000000e0000000, 0x00000000e7a00000, 0x00000000f5580000)
  object space 124928K, 96% used [0x00000000e0000000,0x00000000e75b50d0,0x00000000e7a00000)
 Metaspace       used 75783K, capacity 78724K, committed 79000K, reserved 1118208K
  class space    used 9974K, capacity 10610K, committed 10648K, reserved 1048576K
Event: 4322.904 GC heap after
Heap after GC invocations=22 (full 4):
 PSYoungGen      total 128512K, used 0K [0x00000000f5580000, 0x0000000100000000, 0x0000000100000000)
  eden space 98816K, 0% used [0x00000000f5580000,0x00000000f5580000,0x00000000fb600000)
  from space 29696K, 0% used [0x00000000fe300000,0x00000000fe300000,0x0000000100000000)
  to   space 37888K, 0% used [0x00000000fb600000,0x00000000fb600000,0x00000000fdb00000)
 ParOldGen       total 174592K, used 68199K [0x00000000e0000000, 0x00000000eaa80000, 0x00000000f5580000)
  object space 174592K, 39% used [0x00000000e0000000,0x00000000e4299cb0,0x00000000eaa80000)
 Metaspace       used 70991K, capacity 73062K, committed 79000K, reserved 1118208K
  class space    used 9247K, capacity 9715K, committed 10648K, reserved 1048576K
}
Event: 4323.063 GC heap before
{Heap before GC invocations=23 (full 4):
 PSYoungGen      total 128512K, used 95911K [0x00000000f5580000, 0x0000000100000000, 0x0000000100000000)
  eden space 98816K, 97% used [0x00000000f5580000,0x00000000fb329e20,0x00000000fb600000)
  from space 29696K, 0% used [0x00000000fe300000,0x00000000fe300000,0x0000000100000000)
  to   space 37888K, 0% used [0x00000000fb600000,0x00000000fb600000,0x00000000fdb00000)
 ParOldGen       total 174592K, used 68199K [0x00000000e0000000, 0x00000000eaa80000, 0x00000000f5580000)
  object space 174592K, 39% used [0x00000000e0000000,0x00000000e4299cb0,0x00000000eaa80000)
 Metaspace       used 71016K, capacity 73062K, committed 79000K, reserved 1118208K
  class space    used 9247K, capacity 9715K, committed 10648K, reserved 1048576K
Event: 4323.068 GC heap after
Heap after GC invocations=23 (full 4):
 PSYoungGen      total 101376K, used 2496K [0x00000000f5580000, 0x0000000100000000, 0x0000000100000000)
  eden space 98816K, 0% used [0x00000000f5580000,0x00000000f5580000,0x00000000fb600000)
  from space 2560K, 97% used [0x00000000fb600000,0x00000000fb870050,0x00000000fb880000)
  to   space 38400K, 0% used [0x00000000fda80000,0x00000000fda80000,0x0000000100000000)
 ParOldGen       total 174592K, used 68207K [0x00000000e0000000, 0x00000000eaa80000, 0x00000000f5580000)
  object space 174592K, 39% used [0x00000000e0000000,0x00000000e429bcb0,0x00000000eaa80000)
 Metaspace       used 71016K, capacity 73062K, committed 79000K, reserved 1118208K
  class space    used 9247K, capacity 9715K, committed 10648K, reserved 1048576K
}
Event: 4323.939 GC heap before
{Heap before GC invocations=24 (full 4):
 PSYoungGen      total 101376K, used 101287K [0x00000000f5580000, 0x0000000100000000, 0x0000000100000000)
  eden space 98816K, 99% used [0x00000000f5580000,0x00000000fb5f9d48,0x00000000fb600000)
  from space 2560K, 97% used [0x00000000fb600000,0x00000000fb870050,0x00000000fb880000)
  to   space 38400K, 0% used [0x00000000fda80000,0x00000000fda80000,0x0000000100000000)
 ParOldGen       total 174592K, used 68207K [0x00000000e0000000, 0x00000000eaa80000, 0x00000000f5580000)
  object space 174592K, 39% used [0x00000000e0000000,0x00000000e429bcb0,0x00000000eaa80000)
 Metaspace       used 72433K, capacity 74640K, committed 79000K, reserved 1118208K
  class space    used 9422K, capacity 9904K, committed 10648K, reserved 1048576K
Event: 4323.946 GC heap after
Heap after GC invocations=24 (full 4):
 PSYoungGen      total 137216K, used 4978K [0x00000000f5580000, 0x0000000100000000, 0x0000000100000000)
  eden space 98816K, 0% used [0x00000000f5580000,0x00000000f5580000,0x00000000fb600000)
  from space 38400K, 12% used [0x00000000fda80000,0x00000000fdf5cb68,0x0000000100000000)
  to   space 37376K, 0% used [0x00000000fb600000,0x00000000fb600000,0x00000000fda80000)
 ParOldGen       total 174592K, used 70599K [0x00000000e0000000, 0x00000000eaa80000, 0x00000000f5580000)
  object space 174592K, 40% used [0x00000000e0000000,0x00000000e44f1d10,0x00000000eaa80000)
 Metaspace       used 72433K, capacity 74640K, committed 79000K, reserved 1118208K
  class space    used 9422K, capacity 9904K, committed 10648K, reserved 1048576K
}

