# JRE version: Java(TM) SE Runtime Environment (8.0_152-b16) (build 1.8.0_152-b16)
# Java VM: Java HotSpot(TM) 64-Bit Server VM (25.152-b16 mixed mode windows-amd64 compressed oops)
Heap:
 PSYoungGen      total 146432K, used 91830K [0x00000000f5580000, 0x00000000fff80000, 0x0000000100000000)
  eden space 120832K, 62% used [0x00000000f5580000,0x00000000f9ef7be0,0x00000000fcb80000)
  from space 25600K, 64% used [0x00000000fe500000,0x00000000ff535e68,0x00000000ffe00000)
  to   space 26112K, 0% used [0x00000000fcb80000,0x00000000fcb80000,0x00000000fe500000)
 ParOldGen       total 189952K, used 76278K [0x00000000e0000000, 0x00000000eb980000, 0x00000000f5580000)
  object space 189952K, 40% used [0x00000000e0000000,0x00000000e4a7d878,0x00000000eb980000)
 Metaspace       used 70602K, capacity 73140K, committed 73392K, reserved 1112064K
  class space    used 9282K, capacity 9832K, committed 9904K, reserved 1048576K
GC Heap History (10 events):
Event: 20.885 GC heap before
{Heap before GC invocations=18 (full 4):
 PSYoungGen      total 143872K, used 6272K [0x00000000f5580000, 0x00000000ffe80000, 0x0000000100000000)
  eden space 116736K, 0% used [0x00000000f5580000,0x00000000f5580000,0x00000000fc780000)
  from space 27136K, 23% used [0x00000000fe400000,0x00000000fea202c8,0x00000000ffe80000)
  to   space 28160K, 0% used [0x00000000fc780000,0x00000000fc780000,0x00000000fe300000)
 ParOldGen       total 147456K, used 122854K [0x00000000e0000000, 0x00000000e9000000, 0x00000000f5580000)
  object space 147456K, 83% used [0x00000000e0000000,0x00000000e77f9898,0x00000000e9000000)
 Metaspace       used 63928K, capacity 65874K, committed 66224K, reserved 1105920K
  class space    used 8575K, capacity 9045K, committed 9136K, reserved 1048576K
Event: 21.027 GC heap after
Heap after GC invocations=18 (full 4):
 PSYoungGen      total 143872K, used 0K [0x00000000f5580000, 0x00000000ffe80000, 0x0000000100000000)
  eden space 116736K, 0% used [0x00000000f5580000,0x00000000f5580000,0x00000000fc780000)
  from space 27136K, 0% used [0x00000000fe400000,0x00000000fe400000,0x00000000ffe80000)
  to   space 28160K, 0% used [0x00000000fc780000,0x00000000fc780000,0x00000000fe300000)
 ParOldGen       total 189952K, used 67693K [0x00000000e0000000, 0x00000000eb980000, 0x00000000f5580000)
  object space 189952K, 35% used [0x00000000e0000000,0x00000000e421b520,0x00000000eb980000)
 Metaspace       used 62442K, capacity 64210K, committed 66224K, reserved 1105920K
  class space    used 8384K, capacity 8822K, committed 9136K, reserved 1048576K
}
Event: 22.590 GC heap before
{Heap before GC invocations=19 (full 4):
 PSYoungGen      total 143872K, used 116736K [0x00000000f5580000, 0x00000000ffe80000, 0x0000000100000000)
  eden space 116736K, 100% used [0x00000000f5580000,0x00000000fc780000,0x00000000fc780000)
  from space 27136K, 0% used [0x00000000fe400000,0x00000000fe400000,0x00000000ffe80000)
  to   space 28160K, 0% used [0x00000000fc780000,0x00000000fc780000,0x00000000fe300000)
 ParOldGen       total 189952K, used 67693K [0x00000000e0000000, 0x00000000eb980000, 0x00000000f5580000)
  object space 189952K, 35% used [0x00000000e0000000,0x00000000e421b520,0x00000000eb980000)
 Metaspace       used 64117K, capacity 66034K, committed 66224K, reserved 1105920K
  class space    used 8594K, capacity 9028K, committed 9136K, reserved 1048576K
Event: 22.595 GC heap after
Heap after GC invocations=19 (full 4):
 PSYoungGen      total 144896K, used 3594K [0x00000000f5580000, 0x0000000100000000, 0x0000000100000000)
  eden space 116736K, 0% used [0x00000000f5580000,0x00000000f5580000,0x00000000fc780000)
  from space 28160K, 12% used [0x00000000fc780000,0x00000000fcb02a18,0x00000000fe300000)
  to   space 28160K, 0% used [0x00000000fe480000,0x00000000fe480000,0x0000000100000000)
 ParOldGen       total 189952K, used 67701K [0x00000000e0000000, 0x00000000eb980000, 0x00000000f5580000)
  object space 189952K, 35% used [0x00000000e0000000,0x00000000e421d520,0x00000000eb980000)
 Metaspace       used 64117K, capacity 66034K, committed 66224K, reserved 1105920K
  class space    used 8594K, capacity 9028K, committed 9136K, reserved 1048576K
}
Event: 23.932 GC heap before
{Heap before GC invocations=20 (full 4):
 PSYoungGen      total 144896K, used 120330K [0x00000000f5580000, 0x0000000100000000, 0x0000000100000000)
  eden space 116736K, 100% used [0x00000000f5580000,0x00000000fc780000,0x00000000fc780000)
  from space 28160K, 12% used [0x00000000fc780000,0x00000000fcb02a18,0x00000000fe300000)
  to   space 28160K, 0% used [0x00000000fe480000,0x00000000fe480000,0x0000000100000000)
 ParOldGen       total 189952K, used 67701K [0x00000000e0000000, 0x00000000eb980000, 0x00000000f5580000)
  object space 189952K, 35% used [0x00000000e0000000,0x00000000e421d520,0x00000000eb980000)
 Metaspace       used 65379K, capacity 67394K, committed 67504K, reserved 1107968K
  class space    used 8822K, capacity 9300K, committed 9392K, reserved 1048576K
Event: 23.938 GC heap after
Heap after GC invocations=20 (full 4):
 PSYoungGen      total 144384K, used 8861K [0x00000000f5580000, 0x00000000ffe00000, 0x0000000100000000)
  eden space 118272K, 0% used [0x00000000f5580000,0x00000000f5580000,0x00000000fc900000)
  from space 26112K, 33% used [0x00000000fe480000,0x00000000fed27460,0x00000000ffe00000)
  to   space 27136K, 0% used [0x00000000fc900000,0x00000000fc900000,0x00000000fe380000)
 ParOldGen       total 189952K, used 68293K [0x00000000e0000000, 0x00000000eb980000, 0x00000000f5580000)
  object space 189952K, 35% used [0x00000000e0000000,0x00000000e42b1560,0x00000000eb980000)
 Metaspace       used 65379K, capacity 67394K, committed 67504K, reserved 1107968K
  class space    used 8822K, capacity 9300K, committed 9392K, reserved 1048576K
}
Event: 234.499 GC heap before
{Heap before GC invocations=21 (full 4):
 PSYoungGen      total 144384K, used 127133K [0x00000000f5580000, 0x00000000ffe00000, 0x0000000100000000)
  eden space 118272K, 100% used [0x00000000f5580000,0x00000000fc900000,0x00000000fc900000)
  from space 26112K, 33% used [0x00000000fe480000,0x00000000fed27460,0x00000000ffe00000)
  to   space 27136K, 0% used [0x00000000fc900000,0x00000000fc900000,0x00000000fe380000)
 ParOldGen       total 189952K, used 68293K [0x00000000e0000000, 0x00000000eb980000, 0x00000000f5580000)
  object space 189952K, 35% used [0x00000000e0000000,0x00000000e42b1560,0x00000000eb980000)
 Metaspace       used 69402K, capacity 71904K, committed 72240K, reserved 1112064K
  class space    used 9134K, capacity 9659K, committed 9776K, reserved 1048576K
Event: 234.508 GC heap after
Heap after GC invocations=21 (full 4):
 PSYoungGen      total 145408K, used 9957K [0x00000000f5580000, 0x00000000ffe00000, 0x0000000100000000)
  eden space 118272K, 0% used [0x00000000f5580000,0x00000000f5580000,0x00000000fc900000)
  from space 27136K, 36% used [0x00000000fc900000,0x00000000fd2b9480,0x00000000fe380000)
  to   space 25600K, 0% used [0x00000000fe500000,0x00000000fe500000,0x00000000ffe00000)
 ParOldGen       total 189952K, used 69145K [0x00000000e0000000, 0x00000000eb980000, 0x00000000f5580000)
  object space 189952K, 36% used [0x00000000e0000000,0x00000000e4386590,0x00000000eb980000)
 Metaspace       used 69402K, capacity 71904K, committed 72240K, reserved 1112064K
  class space    used 9134K, capacity 9659K, committed 9776K, reserved 1048576K
}
Event: 235.551 GC heap before
{Heap before GC invocations=22 (full 4):
 PSYoungGen      total 145408K, used 128211K [0x00000000f5580000, 0x00000000ffe00000, 0x0000000100000000)
  eden space 118272K, 99% used [0x00000000f5580000,0x00000000fc8fbaa0,0x00000000fc900000)
  from space 27136K, 36% used [0x00000000fc900000,0x00000000fd2b9480,0x00000000fe380000)
  to   space 25600K, 0% used [0x00000000fe500000,0x00000000fe500000,0x00000000ffe00000)
 ParOldGen       total 189952K, used 69145K [0x00000000e0000000, 0x00000000eb980000, 0x00000000f5580000)
  object space 189952K, 36% used [0x00000000e0000000,0x00000000e4386590,0x00000000eb980000)
 Metaspace       used 70560K, capacity 73140K, committed 73392K, reserved 1112064K
  class space    used 9280K, capacity 9832K, committed 9904K, reserved 1048576K
Event: 235.581 GC heap after
Heap after GC invocations=22 (full 4):
 PSYoungGen      total 146432K, used 16599K [0x00000000f5580000, 0x00000000fff80000, 0x0000000100000000)
  eden space 120832K, 0% used [0x00000000f5580000,0x00000000f5580000,0x00000000fcb80000)
  from space 25600K, 64% used [0x00000000fe500000,0x00000000ff535e68,0x00000000ffe00000)
  to   space 26112K, 0% used [0x00000000fcb80000,0x00000000fcb80000,0x00000000fe500000)
 ParOldGen       total 189952K, used 76278K [0x00000000e0000000, 0x00000000eb980000, 0x00000000f5580000)
  object space 189952K, 40% used [0x00000000e0000000,0x00000000e4a7d878,0x00000000eb980000)
 Metaspace       used 70560K, capacity 73140K, committed 73392K, reserved 1112064K
  class space    used 9280K, capacity 9832K, committed 9904K, reserved 1048576K
}

