# JRE version: Java(TM) SE Runtime Environment (8.0_152-b16) (build 1.8.0_152-b16)
# Java VM: Java HotSpot(TM) 64-Bit Server VM (25.152-b16 mixed mode windows-amd64 compressed oops)
Heap:
 PSYoungGen      total 136192K, used 42029K [0x00000000f5580000, 0x0000000100000000, 0x0000000100000000)
  eden space 99840K, 21% used [0x00000000f5580000,0x00000000f6a3a6f0,0x00000000fb700000)
  from space 36352K, 57% used [0x00000000fdb80000,0x00000000fefd1000,0x00000000fff00000)
  to   space 37376K, 0% used [0x00000000fb700000,0x00000000fb700000,0x00000000fdb80000)
 ParOldGen       total 286208K, used 83415K [0x00000000e0000000, 0x00000000f1780000, 0x00000000f5580000)
  object space 286208K, 29% used [0x00000000e0000000,0x00000000e5175d90,0x00000000f1780000)
 Metaspace       used 73735K, capacity 76566K, committed 76720K, reserved 1116160K
  class space    used 9484K, capacity 10098K, committed 10160K, reserved 1048576K
GC Heap History (10 events):
Event: 622.755 GC heap before
{Heap before GC invocations=92 (full 8):
 PSYoungGen      total 132608K, used 104064K [0x00000000f5580000, 0x00000000ffe00000, 0x0000000100000000)
  eden space 93696K, 99% used [0x00000000f5580000,0x00000000fb050658,0x00000000fb100000)
  from space 38912K, 28% used [0x00000000fb100000,0x00000000fbbcfba8,0x00000000fd700000)
  to   space 37376K, 0% used [0x00000000fd980000,0x00000000fd980000,0x00000000ffe00000)
 ParOldGen       total 286208K, used 72865K [0x00000000e0000000, 0x00000000f1780000, 0x00000000f5580000)
  object space 286208K, 25% used [0x00000000e0000000,0x00000000e4728700,0x00000000f1780000)
 Metaspace       used 72529K, capacity 75244K, committed 75568K, reserved 1116160K
  class space    used 9348K, capacity 9928K, committed 10032K, reserved 1048576K
Event: 622.759 GC heap after
Heap after GC invocations=92 (full 8):
 PSYoungGen      total 134144K, used 10986K [0x00000000f5580000, 0x00000000ffc80000, 0x0000000100000000)
  eden space 98304K, 0% used [0x00000000f5580000,0x00000000f5580000,0x00000000fb580000)
  from space 35840K, 30% used [0x00000000fd980000,0x00000000fe43abd8,0x00000000ffc80000)
  to   space 36352K, 0% used [0x00000000fb580000,0x00000000fb580000,0x00000000fd900000)
 ParOldGen       total 286208K, used 72865K [0x00000000e0000000, 0x00000000f1780000, 0x00000000f5580000)
  object space 286208K, 25% used [0x00000000e0000000,0x00000000e4728700,0x00000000f1780000)
 Metaspace       used 72529K, capacity 75244K, committed 75568K, reserved 1116160K
  class space    used 9348K, capacity 9928K, committed 10032K, reserved 1048576K
}
Event: 622.775 GC heap before
{Heap before GC invocations=93 (full 8):
 PSYoungGen      total 134144K, used 109192K [0x00000000f5580000, 0x00000000ffc80000, 0x0000000100000000)
  eden space 98304K, 99% used [0x00000000f5580000,0x00000000fb567748,0x00000000fb580000)
  from space 35840K, 30% used [0x00000000fd980000,0x00000000fe43abd8,0x00000000ffc80000)
  to   space 36352K, 0% used [0x00000000fb580000,0x00000000fb580000,0x00000000fd900000)
 ParOldGen       total 286208K, used 72865K [0x00000000e0000000, 0x00000000f1780000, 0x00000000f5580000)
  object space 286208K, 25% used [0x00000000e0000000,0x00000000e4728700,0x00000000f1780000)
 Metaspace       used 72529K, capacity 75244K, committed 75568K, reserved 1116160K
  class space    used 9348K, capacity 9928K, committed 10032K, reserved 1048576K
Event: 622.779 GC heap after
Heap after GC invocations=93 (full 8):
 PSYoungGen      total 134656K, used 2100K [0x00000000f5580000, 0x0000000100000000, 0x0000000100000000)
  eden space 98304K, 0% used [0x00000000f5580000,0x00000000f5580000,0x00000000fb580000)
  from space 36352K, 5% used [0x00000000fb580000,0x00000000fb78d180,0x00000000fd900000)
  to   space 36864K, 0% used [0x00000000fdc00000,0x00000000fdc00000,0x0000000100000000)
 ParOldGen       total 286208K, used 81631K [0x00000000e0000000, 0x00000000f1780000, 0x00000000f5580000)
  object space 286208K, 28% used [0x00000000e0000000,0x00000000e4fb7fa0,0x00000000f1780000)
 Metaspace       used 72529K, capacity 75244K, committed 75568K, reserved 1116160K
  class space    used 9348K, capacity 9928K, committed 10032K, reserved 1048576K
}
Event: 622.794 GC heap before
{Heap before GC invocations=94 (full 8):
 PSYoungGen      total 134656K, used 100306K [0x00000000f5580000, 0x0000000100000000, 0x0000000100000000)
  eden space 98304K, 99% used [0x00000000f5580000,0x00000000fb567828,0x00000000fb580000)
  from space 36352K, 5% used [0x00000000fb580000,0x00000000fb78d180,0x00000000fd900000)
  to   space 36864K, 0% used [0x00000000fdc00000,0x00000000fdc00000,0x0000000100000000)
 ParOldGen       total 286208K, used 81631K [0x00000000e0000000, 0x00000000f1780000, 0x00000000f5580000)
  object space 286208K, 28% used [0x00000000e0000000,0x00000000e4fb7fa0,0x00000000f1780000)
 Metaspace       used 72529K, capacity 75244K, committed 75568K, reserved 1116160K
  class space    used 9348K, capacity 9928K, committed 10032K, reserved 1048576K
Event: 622.797 GC heap after
Heap after GC invocations=94 (full 8):
 PSYoungGen      total 137728K, used 160K [0x00000000f5580000, 0x0000000100000000, 0x0000000100000000)
  eden space 100864K, 0% used [0x00000000f5580000,0x00000000f5580000,0x00000000fb800000)
  from space 36864K, 0% used [0x00000000fdc00000,0x00000000fdc28000,0x0000000100000000)
  to   space 36864K, 0% used [0x00000000fb800000,0x00000000fb800000,0x00000000fdc00000)
 ParOldGen       total 286208K, used 83367K [0x00000000e0000000, 0x00000000f1780000, 0x00000000f5580000)
  object space 286208K, 29% used [0x00000000e0000000,0x00000000e5169d90,0x00000000f1780000)
 Metaspace       used 72529K, capacity 75244K, committed 75568K, reserved 1116160K
  class space    used 9348K, capacity 9928K, committed 10032K, reserved 1048576K
}
Event: 942.352 GC heap before
{Heap before GC invocations=95 (full 8):
 PSYoungGen      total 137728K, used 101024K [0x00000000f5580000, 0x0000000100000000, 0x0000000100000000)
  eden space 100864K, 100% used [0x00000000f5580000,0x00000000fb800000,0x00000000fb800000)
  from space 36864K, 0% used [0x00000000fdc00000,0x00000000fdc28000,0x0000000100000000)
  to   space 36864K, 0% used [0x00000000fb800000,0x00000000fb800000,0x00000000fdc00000)
 ParOldGen       total 286208K, used 83367K [0x00000000e0000000, 0x00000000f1780000, 0x00000000f5580000)
  object space 286208K, 29% used [0x00000000e0000000,0x00000000e5169d90,0x00000000f1780000)
 Metaspace       used 72653K, capacity 75444K, committed 75824K, reserved 1116160K
  class space    used 9355K, capacity 9940K, committed 10032K, reserved 1048576K
Event: 942.364 GC heap after
Heap after GC invocations=95 (full 8):
 PSYoungGen      total 102400K, used 1201K [0x00000000f5580000, 0x00000000fff00000, 0x0000000100000000)
  eden space 100864K, 0% used [0x00000000f5580000,0x00000000f5580000,0x00000000fb800000)
  from space 1536K, 78% used [0x00000000fb800000,0x00000000fb92c770,0x00000000fb980000)
  to   space 36352K, 0% used [0x00000000fdb80000,0x00000000fdb80000,0x00000000fff00000)
 ParOldGen       total 286208K, used 83383K [0x00000000e0000000, 0x00000000f1780000, 0x00000000f5580000)
  object space 286208K, 29% used [0x00000000e0000000,0x00000000e516dd90,0x00000000f1780000)
 Metaspace       used 72653K, capacity 75444K, committed 75824K, reserved 1116160K
  class space    used 9355K, capacity 9940K, committed 10032K, reserved 1048576K
}
Event: 944.476 GC heap before
{Heap before GC invocations=96 (full 8):
 PSYoungGen      total 102400K, used 102065K [0x00000000f5580000, 0x00000000fff00000, 0x0000000100000000)
  eden space 100864K, 100% used [0x00000000f5580000,0x00000000fb800000,0x00000000fb800000)
  from space 1536K, 78% used [0x00000000fb800000,0x00000000fb92c770,0x00000000fb980000)
  to   space 36352K, 0% used [0x00000000fdb80000,0x00000000fdb80000,0x00000000fff00000)
 ParOldGen       total 286208K, used 83383K [0x00000000e0000000, 0x00000000f1780000, 0x00000000f5580000)
  object space 286208K, 29% used [0x00000000e0000000,0x00000000e516dd90,0x00000000f1780000)
 Metaspace       used 73533K, capacity 76342K, committed 76464K, reserved 1116160K
  class space    used 9465K, capacity 10066K, committed 10160K, reserved 1048576K
Event: 944.491 GC heap after
Heap after GC invocations=96 (full 8):
 PSYoungGen      total 136192K, used 20804K [0x00000000f5580000, 0x0000000100000000, 0x0000000100000000)
  eden space 99840K, 0% used [0x00000000f5580000,0x00000000f5580000,0x00000000fb700000)
  from space 36352K, 57% used [0x00000000fdb80000,0x00000000fefd1000,0x00000000fff00000)
  to   space 37376K, 0% used [0x00000000fb700000,0x00000000fb700000,0x00000000fdb80000)
 ParOldGen       total 286208K, used 83415K [0x00000000e0000000, 0x00000000f1780000, 0x00000000f5580000)
  object space 286208K, 29% used [0x00000000e0000000,0x00000000e5175d90,0x00000000f1780000)
 Metaspace       used 73533K, capacity 76342K, committed 76464K, reserved 1116160K
  class space    used 9465K, capacity 10066K, committed 10160K, reserved 1048576K
}

