# JRE version: Java(TM) SE Runtime Environment (8.0_152-b16) (build 1.8.0_152-b16)
# Java VM: Java HotSpot(TM) 64-Bit Server VM (25.152-b16 mixed mode windows-amd64 compressed oops)
Heap:
 PSYoungGen      total 148480K, used 5901K [0x00000000f5580000, 0x0000000100000000, 0x0000000100000000)
  eden space 122368K, 4% used [0x00000000f5580000,0x00000000f5b43608,0x00000000fcd00000)
  from space 26112K, 0% used [0x00000000fcd00000,0x00000000fcd00000,0x00000000fe680000)
  to   space 26112K, 0% used [0x00000000fe680000,0x00000000fe680000,0x0000000100000000)
 ParOldGen       total 103936K, used 25812K [0x00000000e0000000, 0x00000000e6580000, 0x00000000f5580000)
  object space 103936K, 24% used [0x00000000e0000000,0x00000000e19352e8,0x00000000e6580000)
 Metaspace       used 54228K, capacity 55676K, committed 56368K, reserved 1105920K
  class space    used 7469K, capacity 7805K, committed 7984K, reserved 1048576K
GC Heap History (10 events):
Event: 13.378 GC heap before
{Heap before GC invocations=13 (full 4):
 PSYoungGen      total 124928K, used 128K [0x00000000f5580000, 0x0000000100000000, 0x0000000100000000)
  eden space 124416K, 0% used [0x00000000f5580000,0x00000000f5580000,0x00000000fcf00000)
  from space 512K, 25% used [0x00000000fcf00000,0x00000000fcf20000,0x00000000fcf80000)
  to   space 25600K, 0% used [0x00000000fe700000,0x00000000fe700000,0x0000000100000000)
 ParOldGen       total 103936K, used 33447K [0x00000000e0000000, 0x00000000e6580000, 0x00000000f5580000)
  object space 103936K, 32% used [0x00000000e0000000,0x00000000e20a9e38,0x00000000e6580000)
 Metaspace       used 53408K, capacity 55058K, committed 55216K, reserved 1103872K
  class space    used 7407K, capacity 7774K, committed 7856K, reserved 1048576K
Event: 13.439 GC heap after
Heap after GC invocations=13 (full 4):
 PSYoungGen      total 124928K, used 0K [0x00000000f5580000, 0x0000000100000000, 0x0000000100000000)
  eden space 124416K, 0% used [0x00000000f5580000,0x00000000f5580000,0x00000000fcf00000)
  from space 512K, 0% used [0x00000000fcf00000,0x00000000fcf00000,0x00000000fcf80000)
  to   space 25600K, 0% used [0x00000000fe700000,0x00000000fe700000,0x0000000100000000)
 ParOldGen       total 103936K, used 32469K [0x00000000e0000000, 0x00000000e6580000, 0x00000000f5580000)
  object space 103936K, 31% used [0x00000000e0000000,0x00000000e1fb5540,0x00000000e6580000)
 Metaspace       used 53408K, capacity 55058K, committed 55216K, reserved 1099776K
  class space    used 7407K, capacity 7774K, committed 7856K, reserved 1048576K
}
Event: 13.439 GC heap before
{Heap before GC invocations=14 (full 4):
 PSYoungGen      total 124928K, used 0K [0x00000000f5580000, 0x0000000100000000, 0x0000000100000000)
  eden space 124416K, 0% used [0x00000000f5580000,0x00000000f5580000,0x00000000fcf00000)
  from space 512K, 0% used [0x00000000fcf00000,0x00000000fcf00000,0x00000000fcf80000)
  to   space 25600K, 0% used [0x00000000fe700000,0x00000000fe700000,0x0000000100000000)
 ParOldGen       total 103936K, used 32469K [0x00000000e0000000, 0x00000000e6580000, 0x00000000f5580000)
  object space 103936K, 31% used [0x00000000e0000000,0x00000000e1fb5540,0x00000000e6580000)
 Metaspace       used 53408K, capacity 55058K, committed 55216K, reserved 1103872K
  class space    used 7407K, capacity 7774K, committed 7856K, reserved 1048576K
Event: 13.441 GC heap after
Heap after GC invocations=14 (full 4):
 PSYoungGen      total 147968K, used 0K [0x00000000f5580000, 0x0000000100000000, 0x0000000100000000)
  eden space 122368K, 0% used [0x00000000f5580000,0x00000000f5580000,0x00000000fcd00000)
  from space 25600K, 0% used [0x00000000fe700000,0x00000000fe700000,0x0000000100000000)
  to   space 26112K, 0% used [0x00000000fcd00000,0x00000000fcd00000,0x00000000fe680000)
 ParOldGen       total 103936K, used 32469K [0x00000000e0000000, 0x00000000e6580000, 0x00000000f5580000)
  object space 103936K, 31% used [0x00000000e0000000,0x00000000e1fb5540,0x00000000e6580000)
 Metaspace       used 53408K, capacity 55058K, committed 55216K, reserved 1103872K
  class space    used 7407K, capacity 7774K, committed 7856K, reserved 1048576K
}
Event: 13.441 GC heap before
{Heap before GC invocations=15 (full 5):
 PSYoungGen      total 147968K, used 0K [0x00000000f5580000, 0x0000000100000000, 0x0000000100000000)
  eden space 122368K, 0% used [0x00000000f5580000,0x00000000f5580000,0x00000000fcd00000)
  from space 25600K, 0% used [0x00000000fe700000,0x00000000fe700000,0x0000000100000000)
  to   space 26112K, 0% used [0x00000000fcd00000,0x00000000fcd00000,0x00000000fe680000)
 ParOldGen       total 103936K, used 32469K [0x00000000e0000000, 0x00000000e6580000, 0x00000000f5580000)
  object space 103936K, 31% used [0x00000000e0000000,0x00000000e1fb5540,0x00000000e6580000)
 Metaspace       used 53408K, capacity 55058K, committed 55216K, reserved 1103872K
  class space    used 7407K, capacity 7774K, committed 7856K, reserved 1048576K
Event: 13.569 GC heap after
Heap after GC invocations=15 (full 5):
 PSYoungGen      total 147968K, used 0K [0x00000000f5580000, 0x0000000100000000, 0x0000000100000000)
  eden space 122368K, 0% used [0x00000000f5580000,0x00000000f5580000,0x00000000fcd00000)
  from space 25600K, 0% used [0x00000000fe700000,0x00000000fe700000,0x0000000100000000)
  to   space 26112K, 0% used [0x00000000fcd00000,0x00000000fcd00000,0x00000000fe680000)
 ParOldGen       total 103936K, used 26016K [0x00000000e0000000, 0x00000000e6580000, 0x00000000f5580000)
  object space 103936K, 25% used [0x00000000e0000000,0x00000000e1968320,0x00000000e6580000)
 Metaspace       used 53014K, capacity 54424K, committed 55216K, reserved 1099776K
  class space    used 7340K, capacity 7655K, committed 7856K, reserved 1048576K
}
Event: 13.688 GC heap before
{Heap before GC invocations=16 (full 5):
 PSYoungGen      total 147968K, used 7855K [0x00000000f5580000, 0x0000000100000000, 0x0000000100000000)
  eden space 122368K, 6% used [0x00000000f5580000,0x00000000f5d2be28,0x00000000fcd00000)
  from space 25600K, 0% used [0x00000000fe700000,0x00000000fe700000,0x0000000100000000)
  to   space 26112K, 0% used [0x00000000fcd00000,0x00000000fcd00000,0x00000000fe680000)
 ParOldGen       total 103936K, used 26016K [0x00000000e0000000, 0x00000000e6580000, 0x00000000f5580000)
  object space 103936K, 25% used [0x00000000e0000000,0x00000000e1968320,0x00000000e6580000)
 Metaspace       used 53703K, capacity 55094K, committed 55728K, reserved 1107968K
  class space    used 7425K, capacity 7738K, committed 7856K, reserved 1048576K
Event: 13.690 GC heap after
Heap after GC invocations=16 (full 5):
 PSYoungGen      total 148480K, used 1134K [0x00000000f5580000, 0x0000000100000000, 0x0000000100000000)
  eden space 122368K, 0% used [0x00000000f5580000,0x00000000f5580000,0x00000000fcd00000)
  from space 26112K, 4% used [0x00000000fcd00000,0x00000000fce1b8a8,0x00000000fe680000)
  to   space 26112K, 0% used [0x00000000fe680000,0x00000000fe680000,0x0000000100000000)
 ParOldGen       total 103936K, used 26016K [0x00000000e0000000, 0x00000000e6580000, 0x00000000f5580000)
  object space 103936K, 25% used [0x00000000e0000000,0x00000000e1968320,0x00000000e6580000)
 Metaspace       used 53703K, capacity 55094K, committed 55728K, reserved 1107968K
  class space    used 7425K, capacity 7738K, committed 7856K, reserved 1048576K
}
Event: 13.690 GC heap before
{Heap before GC invocations=17 (full 6):
 PSYoungGen      total 148480K, used 1134K [0x00000000f5580000, 0x0000000100000000, 0x0000000100000000)
  eden space 122368K, 0% used [0x00000000f5580000,0x00000000f5580000,0x00000000fcd00000)
  from space 26112K, 4% used [0x00000000fcd00000,0x00000000fce1b8a8,0x00000000fe680000)
  to   space 26112K, 0% used [0x00000000fe680000,0x00000000fe680000,0x0000000100000000)
 ParOldGen       total 103936K, used 26016K [0x00000000e0000000, 0x00000000e6580000, 0x00000000f5580000)
  object space 103936K, 25% used [0x00000000e0000000,0x00000000e1968320,0x00000000e6580000)
 Metaspace       used 53703K, capacity 55094K, committed 55728K, reserved 1107968K
  class space    used 7425K, capacity 7738K, committed 7856K, reserved 1048576K
Event: 13.809 GC heap after
Heap after GC invocations=17 (full 6):
 PSYoungGen      total 148480K, used 0K [0x00000000f5580000, 0x0000000100000000, 0x0000000100000000)
  eden space 122368K, 0% used [0x00000000f5580000,0x00000000f5580000,0x00000000fcd00000)
  from space 26112K, 0% used [0x00000000fcd00000,0x00000000fcd00000,0x00000000fe680000)
  to   space 26112K, 0% used [0x00000000fe680000,0x00000000fe680000,0x0000000100000000)
 ParOldGen       total 103936K, used 25812K [0x00000000e0000000, 0x00000000e6580000, 0x00000000f5580000)
  object space 103936K, 24% used [0x00000000e0000000,0x00000000e19352e8,0x00000000e6580000)
 Metaspace       used 53703K, capacity 55094K, committed 55728K, reserved 1103872K
  class space    used 7425K, capacity 7738K, committed 7856K, reserved 1048576K
}

