# JRE version: Java(TM) SE Runtime Environment (8.0_152-b16) (build 1.8.0_152-b16)
# Java VM: Java HotSpot(TM) 64-Bit Server VM (25.152-b16 mixed mode windows-amd64 compressed oops)
Heap:
 PSYoungGen      total 116224K, used 18450K [0x00000000f5580000, 0x00000000fff00000, 0x0000000100000000)
  eden space 58880K, 14% used [0x00000000f5580000,0x00000000f5da3cc8,0x00000000f8f00000)
  from space 57344K, 17% used [0x00000000fc700000,0x00000000fd0e0d08,0x00000000fff00000)
  to   space 6144K, 0% used [0x00000000f8f00000,0x00000000f8f00000,0x00000000f9500000)
 ParOldGen       total 168448K, used 52638K [0x00000000e0000000, 0x00000000ea480000, 0x00000000f5580000)
  object space 168448K, 31% used [0x00000000e0000000,0x00000000e3367948,0x00000000ea480000)
 Metaspace       used 69249K, capacity 71644K, committed 71984K, reserved 1112064K
  class space    used 9127K, capacity 9665K, committed 9776K, reserved 1048576K
GC Heap History (10 events):
Event: 25.828 GC heap before
{Heap before GC invocations=18 (full 4):
 PSYoungGen      total 116736K, used 13094K [0x00000000f5580000, 0x0000000100000000, 0x0000000100000000)
  eden space 58880K, 0% used [0x00000000f5580000,0x00000000f5580000,0x00000000f8f00000)
  from space 57856K, 22% used [0x00000000fc780000,0x00000000fd449b38,0x0000000100000000)
  to   space 57856K, 0% used [0x00000000f8f00000,0x00000000f8f00000,0x00000000fc780000)
 ParOldGen       total 168448K, used 134927K [0x00000000e0000000, 0x00000000ea480000, 0x00000000f5580000)
  object space 168448K, 80% used [0x00000000e0000000,0x00000000e83c3f40,0x00000000ea480000)
 Metaspace       used 65770K, capacity 67794K, committed 67888K, reserved 1107968K
  class space    used 8781K, capacity 9241K, committed 9264K, reserved 1048576K
Event: 25.986 GC heap after
Heap after GC invocations=18 (full 4):
 PSYoungGen      total 116736K, used 0K [0x00000000f5580000, 0x0000000100000000, 0x0000000100000000)
  eden space 58880K, 0% used [0x00000000f5580000,0x00000000f5580000,0x00000000f8f00000)
  from space 57856K, 0% used [0x00000000fc780000,0x00000000fc780000,0x0000000100000000)
  to   space 57856K, 0% used [0x00000000f8f00000,0x00000000f8f00000,0x00000000fc780000)
 ParOldGen       total 168448K, used 48688K [0x00000000e0000000, 0x00000000ea480000, 0x00000000f5580000)
  object space 168448K, 28% used [0x00000000e0000000,0x00000000e2f8c278,0x00000000ea480000)
 Metaspace       used 64291K, capacity 66142K, committed 67888K, reserved 1107968K
  class space    used 8592K, capacity 9022K, committed 9264K, reserved 1048576K
}
Event: 26.610 GC heap before
{Heap before GC invocations=19 (full 4):
 PSYoungGen      total 116736K, used 58880K [0x00000000f5580000, 0x0000000100000000, 0x0000000100000000)
  eden space 58880K, 100% used [0x00000000f5580000,0x00000000f8f00000,0x00000000f8f00000)
  from space 57856K, 0% used [0x00000000fc780000,0x00000000fc780000,0x0000000100000000)
  to   space 57856K, 0% used [0x00000000f8f00000,0x00000000f8f00000,0x00000000fc780000)
 ParOldGen       total 168448K, used 48688K [0x00000000e0000000, 0x00000000ea480000, 0x00000000f5580000)
  object space 168448K, 28% used [0x00000000e0000000,0x00000000e2f8c278,0x00000000ea480000)
 Metaspace       used 64443K, capacity 66376K, committed 67888K, reserved 1107968K
  class space    used 8624K, capacity 9077K, committed 9264K, reserved 1048576K
Event: 26.617 GC heap after
Heap after GC invocations=19 (full 4):
 PSYoungGen      total 116736K, used 18914K [0x00000000f5580000, 0x0000000100000000, 0x0000000100000000)
  eden space 58880K, 0% used [0x00000000f5580000,0x00000000f5580000,0x00000000f8f00000)
  from space 57856K, 32% used [0x00000000f8f00000,0x00000000fa178850,0x00000000fc780000)
  to   space 57856K, 0% used [0x00000000fc780000,0x00000000fc780000,0x0000000100000000)
 ParOldGen       total 168448K, used 48688K [0x00000000e0000000, 0x00000000ea480000, 0x00000000f5580000)
  object space 168448K, 28% used [0x00000000e0000000,0x00000000e2f8c278,0x00000000ea480000)
 Metaspace       used 64443K, capacity 66376K, committed 67888K, reserved 1107968K
  class space    used 8624K, capacity 9077K, committed 9264K, reserved 1048576K
}
Event: 26.915 GC heap before
{Heap before GC invocations=20 (full 4):
 PSYoungGen      total 116736K, used 77762K [0x00000000f5580000, 0x0000000100000000, 0x0000000100000000)
  eden space 58880K, 99% used [0x00000000f5580000,0x00000000f8ef8238,0x00000000f8f00000)
  from space 57856K, 32% used [0x00000000f8f00000,0x00000000fa178850,0x00000000fc780000)
  to   space 57856K, 0% used [0x00000000fc780000,0x00000000fc780000,0x0000000100000000)
 ParOldGen       total 168448K, used 48688K [0x00000000e0000000, 0x00000000ea480000, 0x00000000f5580000)
  object space 168448K, 28% used [0x00000000e0000000,0x00000000e2f8c278,0x00000000ea480000)
 Metaspace       used 64619K, capacity 66634K, committed 67888K, reserved 1107968K
  class space    used 8650K, capacity 9116K, committed 9264K, reserved 1048576K
Event: 26.920 GC heap after
Heap after GC invocations=20 (full 4):
 PSYoungGen      total 116736K, used 17223K [0x00000000f5580000, 0x0000000100000000, 0x0000000100000000)
  eden space 58880K, 0% used [0x00000000f5580000,0x00000000f5580000,0x00000000f8f00000)
  from space 57856K, 29% used [0x00000000fc780000,0x00000000fd851f98,0x0000000100000000)
  to   space 57856K, 0% used [0x00000000f8f00000,0x00000000f8f00000,0x00000000fc780000)
 ParOldGen       total 168448K, used 48696K [0x00000000e0000000, 0x00000000ea480000, 0x00000000f5580000)
  object space 168448K, 28% used [0x00000000e0000000,0x00000000e2f8e278,0x00000000ea480000)
 Metaspace       used 64619K, capacity 66634K, committed 67888K, reserved 1107968K
  class space    used 8650K, capacity 9116K, committed 9264K, reserved 1048576K
}
Event: 28.071 GC heap before
{Heap before GC invocations=21 (full 4):
 PSYoungGen      total 116736K, used 76103K [0x00000000f5580000, 0x0000000100000000, 0x0000000100000000)
  eden space 58880K, 100% used [0x00000000f5580000,0x00000000f8f00000,0x00000000f8f00000)
  from space 57856K, 29% used [0x00000000fc780000,0x00000000fd851f98,0x0000000100000000)
  to   space 57856K, 0% used [0x00000000f8f00000,0x00000000f8f00000,0x00000000fc780000)
 ParOldGen       total 168448K, used 48696K [0x00000000e0000000, 0x00000000ea480000, 0x00000000f5580000)
  object space 168448K, 28% used [0x00000000e0000000,0x00000000e2f8e278,0x00000000ea480000)
 Metaspace       used 68674K, capacity 70986K, committed 71088K, reserved 1110016K
  class space    used 9107K, capacity 9630K, committed 9648K, reserved 1048576K
Event: 28.076 GC heap after
Heap after GC invocations=21 (full 4):
 PSYoungGen      total 65024K, used 5667K [0x00000000f5580000, 0x00000000fff00000, 0x0000000100000000)
  eden space 58880K, 0% used [0x00000000f5580000,0x00000000f5580000,0x00000000f8f00000)
  from space 6144K, 92% used [0x00000000f8f00000,0x00000000f9488d18,0x00000000f9500000)
  to   space 57344K, 0% used [0x00000000fc700000,0x00000000fc700000,0x00000000fff00000)
 ParOldGen       total 168448K, used 49694K [0x00000000e0000000, 0x00000000ea480000, 0x00000000f5580000)
  object space 168448K, 29% used [0x00000000e0000000,0x00000000e3087b20,0x00000000ea480000)
 Metaspace       used 68674K, capacity 70986K, committed 71088K, reserved 1110016K
  class space    used 9107K, capacity 9630K, committed 9648K, reserved 1048576K
}
Event: 138.839 GC heap before
{Heap before GC invocations=22 (full 4):
 PSYoungGen      total 65024K, used 64547K [0x00000000f5580000, 0x00000000fff00000, 0x0000000100000000)
  eden space 58880K, 100% used [0x00000000f5580000,0x00000000f8f00000,0x00000000f8f00000)
  from space 6144K, 92% used [0x00000000f8f00000,0x00000000f9488d18,0x00000000f9500000)
  to   space 57344K, 0% used [0x00000000fc700000,0x00000000fc700000,0x00000000fff00000)
 ParOldGen       total 168448K, used 49694K [0x00000000e0000000, 0x00000000ea480000, 0x00000000f5580000)
  object space 168448K, 29% used [0x00000000e0000000,0x00000000e3087b20,0x00000000ea480000)
 Metaspace       used 69248K, capacity 71644K, committed 71984K, reserved 1112064K
  class space    used 9127K, capacity 9665K, committed 9776K, reserved 1048576K
Event: 138.851 GC heap after
Heap after GC invocations=22 (full 4):
 PSYoungGen      total 116224K, used 10115K [0x00000000f5580000, 0x00000000fff00000, 0x0000000100000000)
  eden space 58880K, 0% used [0x00000000f5580000,0x00000000f5580000,0x00000000f8f00000)
  from space 57344K, 17% used [0x00000000fc700000,0x00000000fd0e0d08,0x00000000fff00000)
  to   space 6144K, 0% used [0x00000000f8f00000,0x00000000f8f00000,0x00000000f9500000)
 ParOldGen       total 168448K, used 52638K [0x00000000e0000000, 0x00000000ea480000, 0x00000000f5580000)
  object space 168448K, 31% used [0x00000000e0000000,0x00000000e3367948,0x00000000ea480000)
 Metaspace       used 69248K, capacity 71644K, committed 71984K, reserved 1112064K
  class space    used 9127K, capacity 9665K, committed 9776K, reserved 1048576K
}

