# JRE version: Java(TM) SE Runtime Environment (8.0_152-b16) (build 1.8.0_152-b16)
# Java VM: Java HotSpot(TM) 64-Bit Server VM (25.152-b16 mixed mode windows-amd64 compressed oops)
Heap:
 PSYoungGen      total 139264K, used 25866K [0x00000000f5580000, 0x0000000100000000, 0x0000000100000000)
  eden space 107008K, 3% used [0x00000000f5580000,0x00000000f5982d70,0x00000000fbe00000)
  from space 32256K, 67% used [0x00000000fe080000,0x00000000ff5bfbf0,0x0000000100000000)
  to   space 33792K, 0% used [0x00000000fbe00000,0x00000000fbe00000,0x00000000fdf00000)
 ParOldGen       total 216576K, used 90377K [0x00000000e0000000, 0x00000000ed380000, 0x00000000f5580000)
  object space 216576K, 41% used [0x00000000e0000000,0x00000000e5842508,0x00000000ed380000)
 Metaspace       used 73731K, capacity 77296K, committed 79280K, reserved 1118208K
  class space    used 9454K, capacity 10124K, committed 10416K, reserved 1048576K
GC Heap History (10 events):
Event: 685.389 GC heap before
{Heap before GC invocations=89 (full 7):
 PSYoungGen      total 130560K, used 109056K [0x00000000f5580000, 0x0000000100000000, 0x0000000100000000)
  eden space 109056K, 100% used [0x00000000f5580000,0x00000000fc000000,0x00000000fc000000)
  from space 21504K, 0% used [0x00000000fc000000,0x00000000fc000000,0x00000000fd500000)
  to   space 33280K, 0% used [0x00000000fdf80000,0x00000000fdf80000,0x0000000100000000)
 ParOldGen       total 216576K, used 73761K [0x00000000e0000000, 0x00000000ed380000, 0x00000000f5580000)
  object space 216576K, 34% used [0x00000000e0000000,0x00000000e48084d8,0x00000000ed380000)
 Metaspace       used 72023K, capacity 75042K, committed 78640K, reserved 1118208K
  class space    used 9224K, capacity 9814K, committed 10288K, reserved 1048576K
Event: 685.393 GC heap after
Heap after GC invocations=89 (full 7):
 PSYoungGen      total 142336K, used 9280K [0x00000000f5580000, 0x0000000100000000, 0x0000000100000000)
  eden space 109056K, 0% used [0x00000000f5580000,0x00000000f5580000,0x00000000fc000000)
  from space 33280K, 27% used [0x00000000fdf80000,0x00000000fe8902c8,0x0000000100000000)
  to   space 32256K, 0% used [0x00000000fc000000,0x00000000fc000000,0x00000000fdf80000)
 ParOldGen       total 216576K, used 73761K [0x00000000e0000000, 0x00000000ed380000, 0x00000000f5580000)
  object space 216576K, 34% used [0x00000000e0000000,0x00000000e48084d8,0x00000000ed380000)
 Metaspace       used 72023K, capacity 75042K, committed 78640K, reserved 1118208K
  class space    used 9224K, capacity 9814K, committed 10288K, reserved 1048576K
}
Event: 686.649 GC heap before
{Heap before GC invocations=90 (full 7):
 PSYoungGen      total 142336K, used 118308K [0x00000000f5580000, 0x0000000100000000, 0x0000000100000000)
  eden space 109056K, 99% used [0x00000000f5580000,0x00000000fbff8d38,0x00000000fc000000)
  from space 33280K, 27% used [0x00000000fdf80000,0x00000000fe8902c8,0x0000000100000000)
  to   space 32256K, 0% used [0x00000000fc000000,0x00000000fc000000,0x00000000fdf80000)
 ParOldGen       total 216576K, used 73761K [0x00000000e0000000, 0x00000000ed380000, 0x00000000f5580000)
  object space 216576K, 34% used [0x00000000e0000000,0x00000000e48084d8,0x00000000ed380000)
 Metaspace       used 72038K, capacity 75048K, committed 78640K, reserved 1118208K
  class space    used 9224K, capacity 9815K, committed 10288K, reserved 1048576K
Event: 686.652 GC heap after
Heap after GC invocations=90 (full 7):
 PSYoungGen      total 141312K, used 3685K [0x00000000f5580000, 0x00000000fff00000, 0x0000000100000000)
  eden space 109056K, 0% used [0x00000000f5580000,0x00000000f5580000,0x00000000fc000000)
  from space 32256K, 11% used [0x00000000fc000000,0x00000000fc399608,0x00000000fdf80000)
  to   space 32256K, 0% used [0x00000000fdf80000,0x00000000fdf80000,0x00000000fff00000)
 ParOldGen       total 216576K, used 73785K [0x00000000e0000000, 0x00000000ed380000, 0x00000000f5580000)
  object space 216576K, 34% used [0x00000000e0000000,0x00000000e480e4d8,0x00000000ed380000)
 Metaspace       used 72038K, capacity 75048K, committed 78640K, reserved 1118208K
  class space    used 9224K, capacity 9815K, committed 10288K, reserved 1048576K
}
Event: 756.294 GC heap before
{Heap before GC invocations=91 (full 7):
 PSYoungGen      total 141312K, used 112741K [0x00000000f5580000, 0x00000000fff00000, 0x0000000100000000)
  eden space 109056K, 100% used [0x00000000f5580000,0x00000000fc000000,0x00000000fc000000)
  from space 32256K, 11% used [0x00000000fc000000,0x00000000fc399608,0x00000000fdf80000)
  to   space 32256K, 0% used [0x00000000fdf80000,0x00000000fdf80000,0x00000000fff00000)
 ParOldGen       total 216576K, used 73785K [0x00000000e0000000, 0x00000000ed380000, 0x00000000f5580000)
  object space 216576K, 34% used [0x00000000e0000000,0x00000000e480e4d8,0x00000000ed380000)
 Metaspace       used 72092K, capacity 75048K, committed 78640K, reserved 1118208K
  class space    used 9225K, capacity 9815K, committed 10288K, reserved 1048576K
Event: 756.299 GC heap after
Heap after GC invocations=91 (full 7):
 PSYoungGen      total 141312K, used 7651K [0x00000000f5580000, 0x00000000ffe00000, 0x0000000100000000)
  eden space 110080K, 0% used [0x00000000f5580000,0x00000000f5580000,0x00000000fc100000)
  from space 31232K, 24% used [0x00000000fdf80000,0x00000000fe6f8c98,0x00000000ffe00000)
  to   space 31232K, 0% used [0x00000000fc100000,0x00000000fc100000,0x00000000fdf80000)
 ParOldGen       total 216576K, used 73881K [0x00000000e0000000, 0x00000000ed380000, 0x00000000f5580000)
  object space 216576K, 34% used [0x00000000e0000000,0x00000000e4826508,0x00000000ed380000)
 Metaspace       used 72092K, capacity 75048K, committed 78640K, reserved 1118208K
  class space    used 9225K, capacity 9815K, committed 10288K, reserved 1048576K
}
Event: 758.604 GC heap before
{Heap before GC invocations=92 (full 7):
 PSYoungGen      total 141312K, used 117731K [0x00000000f5580000, 0x00000000ffe00000, 0x0000000100000000)
  eden space 110080K, 100% used [0x00000000f5580000,0x00000000fc100000,0x00000000fc100000)
  from space 31232K, 24% used [0x00000000fdf80000,0x00000000fe6f8c98,0x00000000ffe00000)
  to   space 31232K, 0% used [0x00000000fc100000,0x00000000fc100000,0x00000000fdf80000)
 ParOldGen       total 216576K, used 73881K [0x00000000e0000000, 0x00000000ed380000, 0x00000000f5580000)
  object space 216576K, 34% used [0x00000000e0000000,0x00000000e4826508,0x00000000ed380000)
 Metaspace       used 73319K, capacity 76938K, committed 79280K, reserved 1118208K
  class space    used 9413K, capacity 10091K, committed 10416K, reserved 1048576K
Event: 758.619 GC heap after
Heap after GC invocations=92 (full 7):
 PSYoungGen      total 141312K, used 20682K [0x00000000f5580000, 0x0000000100000000, 0x0000000100000000)
  eden space 110080K, 0% used [0x00000000f5580000,0x00000000f5580000,0x00000000fc100000)
  from space 31232K, 66% used [0x00000000fc100000,0x00000000fd532898,0x00000000fdf80000)
  to   space 32256K, 0% used [0x00000000fe080000,0x00000000fe080000,0x0000000100000000)
 ParOldGen       total 216576K, used 74264K [0x00000000e0000000, 0x00000000ed380000, 0x00000000f5580000)
  object space 216576K, 34% used [0x00000000e0000000,0x00000000e4886010,0x00000000ed380000)
 Metaspace       used 73319K, capacity 76938K, committed 79280K, reserved 1118208K
  class space    used 9413K, capacity 10091K, committed 10416K, reserved 1048576K
}
Event: 758.925 GC heap before
{Heap before GC invocations=93 (full 7):
 PSYoungGen      total 141312K, used 130762K [0x00000000f5580000, 0x0000000100000000, 0x0000000100000000)
  eden space 110080K, 100% used [0x00000000f5580000,0x00000000fc100000,0x00000000fc100000)
  from space 31232K, 66% used [0x00000000fc100000,0x00000000fd532898,0x00000000fdf80000)
  to   space 32256K, 0% used [0x00000000fe080000,0x00000000fe080000,0x0000000100000000)
 ParOldGen       total 216576K, used 74264K [0x00000000e0000000, 0x00000000ed380000, 0x00000000f5580000)
  object space 216576K, 34% used [0x00000000e0000000,0x00000000e4886010,0x00000000ed380000)
 Metaspace       used 73696K, capacity 77296K, committed 79280K, reserved 1118208K
  class space    used 9452K, capacity 10124K, committed 10416K, reserved 1048576K
Event: 758.992 GC heap after
Heap after GC invocations=93 (full 7):
 PSYoungGen      total 139264K, used 21758K [0x00000000f5580000, 0x0000000100000000, 0x0000000100000000)
  eden space 107008K, 0% used [0x00000000f5580000,0x00000000f5580000,0x00000000fbe00000)
  from space 32256K, 67% used [0x00000000fe080000,0x00000000ff5bfbf0,0x0000000100000000)
  to   space 33792K, 0% used [0x00000000fbe00000,0x00000000fbe00000,0x00000000fdf00000)
 ParOldGen       total 216576K, used 90377K [0x00000000e0000000, 0x00000000ed380000, 0x00000000f5580000)
  object space 216576K, 41% used [0x00000000e0000000,0x00000000e5842508,0x00000000ed380000)
 Metaspace       used 73696K, capacity 77296K, committed 79280K, reserved 1118208K
  class space    used 9452K, capacity 10124K, committed 10416K, reserved 1048576K
}

