# JRE version: Java(TM) SE Runtime Environment (8.0_152-b16) (build 1.8.0_152-b16)
# Java VM: Java HotSpot(TM) 64-Bit Server VM (25.152-b16 mixed mode windows-amd64 compressed oops)
Heap:
 PSYoungGen      total 153600K, used 9861K [0x00000000f5580000, 0x00000000ffa80000, 0x0000000100000000)
  eden space 143360K, 0% used [0x00000000f5580000,0x00000000f5580000,0x00000000fe180000)
  from space 10240K, 96% used [0x00000000ff080000,0x00000000ffa21730,0x00000000ffa80000)
  to   space 12288K, 0% used [0x00000000fe280000,0x00000000fe280000,0x00000000fee80000)
 ParOldGen       total 98304K, used 15045K [0x00000000e0000000, 0x00000000e6000000, 0x00000000f5580000)
  object space 98304K, 15% used [0x00000000e0000000,0x00000000e0eb1668,0x00000000e6000000)
 Metaspace       used 39379K, capacity 40128K, committed 40368K, reserved 1087488K
  class space    used 5472K, capacity 5715K, committed 5808K, reserved 1048576K
GC Heap History (10 events):
Event: 3.610 GC heap before
{Heap before GC invocations=5 (full 1):
 PSYoungGen      total 71680K, used 5112K [0x00000000f5580000, 0x00000000fa080000, 0x0000000100000000)
  eden space 66560K, 0% used [0x00000000f5580000,0x00000000f5580000,0x00000000f9680000)
  from space 5120K, 99% used [0x00000000f9b80000,0x00000000fa07e040,0x00000000fa080000)
  to   space 5120K, 0% used [0x00000000f9680000,0x00000000f9680000,0x00000000f9b80000)
 ParOldGen       total 87552K, used 8491K [0x00000000e0000000, 0x00000000e5580000, 0x00000000f5580000)
  object space 87552K, 9% used [0x00000000e0000000,0x00000000e084aed8,0x00000000e5580000)
 Metaspace       used 20769K, capacity 21252K, committed 21296K, reserved 1067008K
  class space    used 2934K, capacity 3102K, committed 3120K, reserved 1048576K
Event: 3.653 GC heap after
Heap after GC invocations=5 (full 1):
 PSYoungGen      total 71680K, used 0K [0x00000000f5580000, 0x00000000fa080000, 0x0000000100000000)
  eden space 66560K, 0% used [0x00000000f5580000,0x00000000f5580000,0x00000000f9680000)
  from space 5120K, 0% used [0x00000000f9b80000,0x00000000f9b80000,0x00000000fa080000)
  to   space 5120K, 0% used [0x00000000f9680000,0x00000000f9680000,0x00000000f9b80000)
 ParOldGen       total 64000K, used 9354K [0x00000000e0000000, 0x00000000e3e80000, 0x00000000f5580000)
  object space 64000K, 14% used [0x00000000e0000000,0x00000000e0922868,0x00000000e3e80000)
 Metaspace       used 20769K, capacity 21252K, committed 21296K, reserved 1067008K
  class space    used 2934K, capacity 3102K, committed 3120K, reserved 1048576K
}
Event: 4.387 GC heap before
{Heap before GC invocations=6 (full 1):
 PSYoungGen      total 71680K, used 66560K [0x00000000f5580000, 0x00000000fa080000, 0x0000000100000000)
  eden space 66560K, 100% used [0x00000000f5580000,0x00000000f9680000,0x00000000f9680000)
  from space 5120K, 0% used [0x00000000f9b80000,0x00000000f9b80000,0x00000000fa080000)
  to   space 5120K, 0% used [0x00000000f9680000,0x00000000f9680000,0x00000000f9b80000)
 ParOldGen       total 64000K, used 9354K [0x00000000e0000000, 0x00000000e3e80000, 0x00000000f5580000)
  object space 64000K, 14% used [0x00000000e0000000,0x00000000e0922868,0x00000000e3e80000)
 Metaspace       used 26293K, capacity 26714K, committed 26928K, reserved 1073152K
  class space    used 3685K, capacity 3854K, committed 3888K, reserved 1048576K
Event: 4.393 GC heap after
Heap after GC invocations=6 (full 1):
 PSYoungGen      total 71680K, used 5104K [0x00000000f5580000, 0x00000000fcc80000, 0x0000000100000000)
  eden space 66560K, 0% used [0x00000000f5580000,0x00000000f5580000,0x00000000f9680000)
  from space 5120K, 99% used [0x00000000f9680000,0x00000000f9b7c000,0x00000000f9b80000)
  to   space 10752K, 0% used [0x00000000fc200000,0x00000000fc200000,0x00000000fcc80000)
 ParOldGen       total 64000K, used 11057K [0x00000000e0000000, 0x00000000e3e80000, 0x00000000f5580000)
  object space 64000K, 17% used [0x00000000e0000000,0x00000000e0acc7e8,0x00000000e3e80000)
 Metaspace       used 26293K, capacity 26714K, committed 26928K, reserved 1073152K
  class space    used 3685K, capacity 3854K, committed 3888K, reserved 1048576K
}
Event: 5.375 GC heap before
{Heap before GC invocations=7 (full 1):
 PSYoungGen      total 71680K, used 71664K [0x00000000f5580000, 0x00000000fcc80000, 0x0000000100000000)
  eden space 66560K, 100% used [0x00000000f5580000,0x00000000f9680000,0x00000000f9680000)
  from space 5120K, 99% used [0x00000000f9680000,0x00000000f9b7c000,0x00000000f9b80000)
  to   space 10752K, 0% used [0x00000000fc200000,0x00000000fc200000,0x00000000fcc80000)
 ParOldGen       total 64000K, used 11057K [0x00000000e0000000, 0x00000000e3e80000, 0x00000000f5580000)
  object space 64000K, 17% used [0x00000000e0000000,0x00000000e0acc7e8,0x00000000e3e80000)
 Metaspace       used 30709K, capacity 31382K, committed 31792K, reserved 1077248K
  class space    used 4352K, capacity 4560K, committed 4656K, reserved 1048576K
Event: 5.386 GC heap after
Heap after GC invocations=7 (full 1):
 PSYoungGen      total 110592K, used 9644K [0x00000000f5580000, 0x00000000fcd80000, 0x0000000100000000)
  eden space 99840K, 0% used [0x00000000f5580000,0x00000000f5580000,0x00000000fb700000)
  from space 10752K, 89% used [0x00000000fc200000,0x00000000fcb6b1c0,0x00000000fcc80000)
  to   space 11264K, 0% used [0x00000000fb700000,0x00000000fb700000,0x00000000fc200000)
 ParOldGen       total 64000K, used 11065K [0x00000000e0000000, 0x00000000e3e80000, 0x00000000f5580000)
  object space 64000K, 17% used [0x00000000e0000000,0x00000000e0ace7e8,0x00000000e3e80000)
 Metaspace       used 30709K, capacity 31382K, committed 31792K, reserved 1077248K
  class space    used 4352K, capacity 4560K, committed 4656K, reserved 1048576K
}
Event: 6.382 GC heap before
{Heap before GC invocations=8 (full 1):
 PSYoungGen      total 110592K, used 31714K [0x00000000f5580000, 0x00000000fcd80000, 0x0000000100000000)
  eden space 99840K, 22% used [0x00000000f5580000,0x00000000f6b0d9c8,0x00000000fb700000)
  from space 10752K, 89% used [0x00000000fc200000,0x00000000fcb6b1c0,0x00000000fcc80000)
  to   space 11264K, 0% used [0x00000000fb700000,0x00000000fb700000,0x00000000fc200000)
 ParOldGen       total 64000K, used 11065K [0x00000000e0000000, 0x00000000e3e80000, 0x00000000f5580000)
  object space 64000K, 17% used [0x00000000e0000000,0x00000000e0ace7e8,0x00000000e3e80000)
 Metaspace       used 34611K, capacity 35260K, committed 35496K, reserved 1079296K
  class space    used 4860K, capacity 5090K, committed 5168K, reserved 1048576K
Event: 6.389 GC heap after
Heap after GC invocations=8 (full 1):
 PSYoungGen      total 111104K, used 8578K [0x00000000f5580000, 0x00000000ffc00000, 0x0000000100000000)
  eden space 99840K, 0% used [0x00000000f5580000,0x00000000f5580000,0x00000000fb700000)
  from space 11264K, 76% used [0x00000000fb700000,0x00000000fbf60828,0x00000000fc200000)
  to   space 11776K, 0% used [0x00000000ff080000,0x00000000ff080000,0x00000000ffc00000)
 ParOldGen       total 64000K, used 11073K [0x00000000e0000000, 0x00000000e3e80000, 0x00000000f5580000)
  object space 64000K, 17% used [0x00000000e0000000,0x00000000e0ad07e8,0x00000000e3e80000)
 Metaspace       used 34611K, capacity 35260K, committed 35496K, reserved 1079296K
  class space    used 4860K, capacity 5090K, committed 5168K, reserved 1048576K
}
Event: 6.389 GC heap before
{Heap before GC invocations=9 (full 2):
 PSYoungGen      total 111104K, used 8578K [0x00000000f5580000, 0x00000000ffc00000, 0x0000000100000000)
  eden space 99840K, 0% used [0x00000000f5580000,0x00000000f5580000,0x00000000fb700000)
  from space 11264K, 76% used [0x00000000fb700000,0x00000000fbf60828,0x00000000fc200000)
  to   space 11776K, 0% used [0x00000000ff080000,0x00000000ff080000,0x00000000ffc00000)
 ParOldGen       total 64000K, used 11073K [0x00000000e0000000, 0x00000000e3e80000, 0x00000000f5580000)
  object space 64000K, 17% used [0x00000000e0000000,0x00000000e0ad07e8,0x00000000e3e80000)
 Metaspace       used 34611K, capacity 35260K, committed 35496K, reserved 1079296K
  class space    used 4860K, capacity 5090K, committed 5168K, reserved 1048576K
Event: 6.439 GC heap after
Heap after GC invocations=9 (full 2):
 PSYoungGen      total 111104K, used 0K [0x00000000f5580000, 0x00000000ffc00000, 0x0000000100000000)
  eden space 99840K, 0% used [0x00000000f5580000,0x00000000f5580000,0x00000000fb700000)
  from space 11264K, 0% used [0x00000000fb700000,0x00000000fb700000,0x00000000fc200000)
  to   space 11776K, 0% used [0x00000000ff080000,0x00000000ff080000,0x00000000ffc00000)
 ParOldGen       total 98304K, used 15037K [0x00000000e0000000, 0x00000000e6000000, 0x00000000f5580000)
  object space 98304K, 15% used [0x00000000e0000000,0x00000000e0eaf668,0x00000000e6000000)
 Metaspace       used 34611K, capacity 35260K, committed 35496K, reserved 1079296K
  class space    used 4860K, capacity 5090K, committed 5168K, reserved 1048576K
}

