# JRE version: Java(TM) SE Runtime Environment (8.0_152-b16) (build 1.8.0_152-b16)
# Java VM: Java HotSpot(TM) 64-Bit Server VM (25.152-b16 mixed mode windows-amd64 compressed oops)
Heap:
 PSYoungGen      total 252928K, used 14943K [0x00000000e0000000, 0x00000000f2880000, 0x0000000100000000)
  eden space 233984K, 6% used [0x00000000e0000000,0x00000000e0e97d70,0x00000000ee480000)
  from space 18944K, 0% used [0x00000000efc00000,0x00000000efc00000,0x00000000f0e80000)
  to   space 24064K, 0% used [0x00000000ee480000,0x00000000ee480000,0x00000000efc00000)
 ParOldGen       total 85504K, used 41910K [0x00000000a0000000, 0x00000000a5380000, 0x00000000e0000000)
  object space 85504K, 49% used [0x00000000a0000000,0x00000000a28ed8b0,0x00000000a5380000)
 Metaspace       used 57123K, capacity 59114K, committed 59416K, reserved 1099776K
  class space    used 7752K, capacity 8192K, committed 8240K, reserved 1048576K
GC Heap History (10 events):
Event: 6.165 GC heap before
{Heap before GC invocations=9 (full 2):
 PSYoungGen      total 129024K, used 8424K [0x00000000e0000000, 0x00000000edf00000, 0x0000000100000000)
  eden space 117248K, 0% used [0x00000000e0000000,0x00000000e0000000,0x00000000e7280000)
  from space 11776K, 71% used [0x00000000e7280000,0x00000000e7aba128,0x00000000e7e00000)
  to   space 11776K, 0% used [0x00000000ed380000,0x00000000ed380000,0x00000000edf00000)
 ParOldGen       total 62464K, used 11099K [0x00000000a0000000, 0x00000000a3d00000, 0x00000000e0000000)
  object space 62464K, 17% used [0x00000000a0000000,0x00000000a0ad6e30,0x00000000a3d00000)
 Metaspace       used 34706K, capacity 35364K, committed 35496K, reserved 1079296K
  class space    used 4866K, capacity 5124K, committed 5168K, reserved 1048576K
Event: 6.217 GC heap after
Heap after GC invocations=9 (full 2):
 PSYoungGen      total 129024K, used 0K [0x00000000e0000000, 0x00000000edf00000, 0x0000000100000000)
  eden space 117248K, 0% used [0x00000000e0000000,0x00000000e0000000,0x00000000e7280000)
  from space 11776K, 0% used [0x00000000e7280000,0x00000000e7280000,0x00000000e7e00000)
  to   space 11776K, 0% used [0x00000000ed380000,0x00000000ed380000,0x00000000edf00000)
 ParOldGen       total 85504K, used 14943K [0x00000000a0000000, 0x00000000a5380000, 0x00000000e0000000)
  object space 85504K, 17% used [0x00000000a0000000,0x00000000a0e97fd0,0x00000000a5380000)
 Metaspace       used 34706K, capacity 35364K, committed 35496K, reserved 1079296K
  class space    used 4866K, capacity 5124K, committed 5168K, reserved 1048576K
}
Event: 7.909 GC heap before
{Heap before GC invocations=10 (full 2):
 PSYoungGen      total 129024K, used 117248K [0x00000000e0000000, 0x00000000edf00000, 0x0000000100000000)
  eden space 117248K, 100% used [0x00000000e0000000,0x00000000e7280000,0x00000000e7280000)
  from space 11776K, 0% used [0x00000000e7280000,0x00000000e7280000,0x00000000e7e00000)
  to   space 11776K, 0% used [0x00000000ed380000,0x00000000ed380000,0x00000000edf00000)
 ParOldGen       total 85504K, used 14943K [0x00000000a0000000, 0x00000000a5380000, 0x00000000e0000000)
  object space 85504K, 17% used [0x00000000a0000000,0x00000000a0e97fd0,0x00000000a5380000)
 Metaspace       used 41365K, capacity 42166K, committed 42416K, reserved 1085440K
  class space    used 5803K, capacity 6046K, committed 6064K, reserved 1048576K
Event: 7.918 GC heap after
Heap after GC invocations=10 (full 2):
 PSYoungGen      total 194560K, used 11759K [0x00000000e0000000, 0x00000000edf00000, 0x0000000100000000)
  eden space 182784K, 0% used [0x00000000e0000000,0x00000000e0000000,0x00000000eb280000)
  from space 11776K, 99% used [0x00000000ed380000,0x00000000edefbc28,0x00000000edf00000)
  to   space 13312K, 0% used [0x00000000ec500000,0x00000000ec500000,0x00000000ed200000)
 ParOldGen       total 85504K, used 15443K [0x00000000a0000000, 0x00000000a5380000, 0x00000000e0000000)
  object space 85504K, 18% used [0x00000000a0000000,0x00000000a0f14fb0,0x00000000a5380000)
 Metaspace       used 41365K, capacity 42166K, committed 42416K, reserved 1085440K
  class space    used 5803K, capacity 6046K, committed 6064K, reserved 1048576K
}
Event: 11.737 GC heap before
{Heap before GC invocations=11 (full 2):
 PSYoungGen      total 194560K, used 194543K [0x00000000e0000000, 0x00000000edf00000, 0x0000000100000000)
  eden space 182784K, 100% used [0x00000000e0000000,0x00000000eb280000,0x00000000eb280000)
  from space 11776K, 99% used [0x00000000ed380000,0x00000000edefbc28,0x00000000edf00000)
  to   space 13312K, 0% used [0x00000000ec500000,0x00000000ec500000,0x00000000ed200000)
 ParOldGen       total 85504K, used 15443K [0x00000000a0000000, 0x00000000a5380000, 0x00000000e0000000)
  object space 85504K, 18% used [0x00000000a0000000,0x00000000a0f14fb0,0x00000000a5380000)
 Metaspace       used 51695K, capacity 53250K, committed 53424K, reserved 1095680K
  class space    used 7195K, capacity 7558K, committed 7600K, reserved 1048576K
Event: 11.756 GC heap after
Heap after GC invocations=11 (full 2):
 PSYoungGen      total 215040K, used 13305K [0x00000000e0000000, 0x00000000f0e80000, 0x0000000100000000)
  eden space 201728K, 0% used [0x00000000e0000000,0x00000000e0000000,0x00000000ec500000)
  from space 13312K, 99% used [0x00000000ec500000,0x00000000ed1fe5b0,0x00000000ed200000)
  to   space 18944K, 0% used [0x00000000efc00000,0x00000000efc00000,0x00000000f0e80000)
 ParOldGen       total 85504K, used 26497K [0x00000000a0000000, 0x00000000a5380000, 0x00000000e0000000)
  object space 85504K, 30% used [0x00000000a0000000,0x00000000a19e0648,0x00000000a5380000)
 Metaspace       used 51695K, capacity 53250K, committed 53424K, reserved 1095680K
  class space    used 7195K, capacity 7558K, committed 7600K, reserved 1048576K
}
Event: 38.504 GC heap before
{Heap before GC invocations=12 (full 2):
 PSYoungGen      total 215040K, used 162297K [0x00000000e0000000, 0x00000000f0e80000, 0x0000000100000000)
  eden space 201728K, 73% used [0x00000000e0000000,0x00000000e91801f0,0x00000000ec500000)
  from space 13312K, 99% used [0x00000000ec500000,0x00000000ed1fe5b0,0x00000000ed200000)
  to   space 18944K, 0% used [0x00000000efc00000,0x00000000efc00000,0x00000000f0e80000)
 ParOldGen       total 85504K, used 26497K [0x00000000a0000000, 0x00000000a5380000, 0x00000000e0000000)
  object space 85504K, 30% used [0x00000000a0000000,0x00000000a19e0648,0x00000000a5380000)
 Metaspace       used 57110K, capacity 59110K, committed 59160K, reserved 1099776K
  class space    used 7751K, capacity 8192K, committed 8240K, reserved 1048576K
Event: 38.523 GC heap after
Heap after GC invocations=12 (full 2):
 PSYoungGen      total 252928K, used 18922K [0x00000000e0000000, 0x00000000f2880000, 0x0000000100000000)
  eden space 233984K, 0% used [0x00000000e0000000,0x00000000e0000000,0x00000000ee480000)
  from space 18944K, 99% used [0x00000000efc00000,0x00000000f0e7a9a8,0x00000000f0e80000)
  to   space 24064K, 0% used [0x00000000ee480000,0x00000000ee480000,0x00000000efc00000)
 ParOldGen       total 85504K, used 32633K [0x00000000a0000000, 0x00000000a5380000, 0x00000000e0000000)
  object space 85504K, 38% used [0x00000000a0000000,0x00000000a1fde640,0x00000000a5380000)
 Metaspace       used 57110K, capacity 59110K, committed 59160K, reserved 1099776K
  class space    used 7751K, capacity 8192K, committed 8240K, reserved 1048576K
}
Event: 38.523 GC heap before
{Heap before GC invocations=13 (full 3):
 PSYoungGen      total 252928K, used 18922K [0x00000000e0000000, 0x00000000f2880000, 0x0000000100000000)
  eden space 233984K, 0% used [0x00000000e0000000,0x00000000e0000000,0x00000000ee480000)
  from space 18944K, 99% used [0x00000000efc00000,0x00000000f0e7a9a8,0x00000000f0e80000)
  to   space 24064K, 0% used [0x00000000ee480000,0x00000000ee480000,0x00000000efc00000)
 ParOldGen       total 85504K, used 32633K [0x00000000a0000000, 0x00000000a5380000, 0x00000000e0000000)
  object space 85504K, 38% used [0x00000000a0000000,0x00000000a1fde640,0x00000000a5380000)
 Metaspace       used 57110K, capacity 59110K, committed 59160K, reserved 1099776K
  class space    used 7751K, capacity 8192K, committed 8240K, reserved 1048576K
Event: 38.672 GC heap after
Heap after GC invocations=13 (full 3):
 PSYoungGen      total 252928K, used 0K [0x00000000e0000000, 0x00000000f2880000, 0x0000000100000000)
  eden space 233984K, 0% used [0x00000000e0000000,0x00000000e0000000,0x00000000ee480000)
  from space 18944K, 0% used [0x00000000efc00000,0x00000000efc00000,0x00000000f0e80000)
  to   space 24064K, 0% used [0x00000000ee480000,0x00000000ee480000,0x00000000efc00000)
 ParOldGen       total 85504K, used 41910K [0x00000000a0000000, 0x00000000a5380000, 0x00000000e0000000)
  object space 85504K, 49% used [0x00000000a0000000,0x00000000a28ed8b0,0x00000000a5380000)
 Metaspace       used 57110K, capacity 59110K, committed 59160K, reserved 1099776K
  class space    used 7751K, capacity 8192K, committed 8240K, reserved 1048576K
}

