# JRE version: Java(TM) SE Runtime Environment (8.0_152-b16) (build 1.8.0_152-b16)
# Java VM: Java HotSpot(TM) 64-Bit Server VM (25.152-b16 mixed mode windows-amd64 compressed oops)
Heap:
 PSYoungGen      total 264192K, used 159505K [0x00000000e0000000, 0x00000000f2d80000, 0x0000000100000000)
  eden space 226304K, 69% used [0x00000000e0000000,0x00000000e9a3efb8,0x00000000edd00000)
  from space 37888K, 4% used [0x00000000edd00000,0x00000000ede85650,0x00000000f0200000)
  to   space 27648K, 0% used [0x00000000f0200000,0x00000000f0200000,0x00000000f1d00000)
 ParOldGen       total 145408K, used 90578K [0x00000000a0000000, 0x00000000a8e00000, 0x00000000e0000000)
  object space 145408K, 62% used [0x00000000a0000000,0x00000000a5874998,0x00000000a8e00000)
 Metaspace       used 66737K, capacity 68832K, committed 69040K, reserved 1110016K
  class space    used 8875K, capacity 9352K, committed 9392K, reserved 1048576K
GC Heap History (10 events):
Event: 15.083 GC heap before
{Heap before GC invocations=14 (full 2):
 PSYoungGen      total 142848K, used 127371K [0x00000000e0000000, 0x00000000ed700000, 0x0000000100000000)
  eden space 128512K, 87% used [0x00000000e0000000,0x00000000e6e64c08,0x00000000e7d80000)
  from space 14336K, 99% used [0x00000000e7d80000,0x00000000e8b7e348,0x00000000e8b80000)
  to   space 19456K, 0% used [0x00000000ec400000,0x00000000ec400000,0x00000000ed700000)
 ParOldGen       total 87040K, used 25483K [0x00000000a0000000, 0x00000000a5500000, 0x00000000e0000000)
  object space 87040K, 29% used [0x00000000a0000000,0x00000000a18e2f30,0x00000000a5500000)
 Metaspace       used 57286K, capacity 59046K, committed 59160K, reserved 1099776K
  class space    used 7849K, capacity 8289K, committed 8368K, reserved 1048576K
Event: 15.113 GC heap after
Heap after GC invocations=14 (full 2):
 PSYoungGen      total 192512K, used 19445K [0x00000000e0000000, 0x00000000ee380000, 0x0000000100000000)
  eden space 173056K, 0% used [0x00000000e0000000,0x00000000e0000000,0x00000000ea900000)
  from space 19456K, 99% used [0x00000000ec400000,0x00000000ed6fd4c0,0x00000000ed700000)
  to   space 27648K, 0% used [0x00000000ea900000,0x00000000ea900000,0x00000000ec400000)
 ParOldGen       total 87040K, used 40467K [0x00000000a0000000, 0x00000000a5500000, 0x00000000e0000000)
  object space 87040K, 46% used [0x00000000a0000000,0x00000000a2784f00,0x00000000a5500000)
 Metaspace       used 57286K, capacity 59046K, committed 59160K, reserved 1099776K
  class space    used 7849K, capacity 8289K, committed 8368K, reserved 1048576K
}
Event: 15.113 GC heap before
{Heap before GC invocations=15 (full 3):
 PSYoungGen      total 192512K, used 19445K [0x00000000e0000000, 0x00000000ee380000, 0x0000000100000000)
  eden space 173056K, 0% used [0x00000000e0000000,0x00000000e0000000,0x00000000ea900000)
  from space 19456K, 99% used [0x00000000ec400000,0x00000000ed6fd4c0,0x00000000ed700000)
  to   space 27648K, 0% used [0x00000000ea900000,0x00000000ea900000,0x00000000ec400000)
 ParOldGen       total 87040K, used 40467K [0x00000000a0000000, 0x00000000a5500000, 0x00000000e0000000)
  object space 87040K, 46% used [0x00000000a0000000,0x00000000a2784f00,0x00000000a5500000)
 Metaspace       used 57286K, capacity 59046K, committed 59160K, reserved 1099776K
  class space    used 7849K, capacity 8289K, committed 8368K, reserved 1048576K
Event: 15.304 GC heap after
Heap after GC invocations=15 (full 3):
 PSYoungGen      total 192512K, used 0K [0x00000000e0000000, 0x00000000ee380000, 0x0000000100000000)
  eden space 173056K, 0% used [0x00000000e0000000,0x00000000e0000000,0x00000000ea900000)
  from space 19456K, 0% used [0x00000000ec400000,0x00000000ec400000,0x00000000ed700000)
  to   space 27648K, 0% used [0x00000000ea900000,0x00000000ea900000,0x00000000ec400000)
 ParOldGen       total 145408K, used 53353K [0x00000000a0000000, 0x00000000a8e00000, 0x00000000e0000000)
  object space 145408K, 36% used [0x00000000a0000000,0x00000000a341a5c8,0x00000000a8e00000)
 Metaspace       used 57286K, capacity 59046K, committed 59160K, reserved 1099776K
  class space    used 7849K, capacity 8289K, committed 8368K, reserved 1048576K
}
Event: 16.084 GC heap before
{Heap before GC invocations=16 (full 3):
 PSYoungGen      total 192512K, used 173056K [0x00000000e0000000, 0x00000000ee380000, 0x0000000100000000)
  eden space 173056K, 100% used [0x00000000e0000000,0x00000000ea900000,0x00000000ea900000)
  from space 19456K, 0% used [0x00000000ec400000,0x00000000ec400000,0x00000000ed700000)
  to   space 27648K, 0% used [0x00000000ea900000,0x00000000ea900000,0x00000000ec400000)
 ParOldGen       total 145408K, used 53353K [0x00000000a0000000, 0x00000000a8e00000, 0x00000000e0000000)
  object space 145408K, 36% used [0x00000000a0000000,0x00000000a341a5c8,0x00000000a8e00000)
 Metaspace       used 58858K, capacity 60742K, committed 60976K, reserved 1101824K
  class space    used 8023K, capacity 8481K, committed 8496K, reserved 1048576K
Event: 16.104 GC heap after
Heap after GC invocations=16 (full 3):
 PSYoungGen      total 200704K, used 15090K [0x00000000e0000000, 0x00000000f1d00000, 0x0000000100000000)
  eden space 173056K, 0% used [0x00000000e0000000,0x00000000e0000000,0x00000000ea900000)
  from space 27648K, 54% used [0x00000000ea900000,0x00000000eb7bca10,0x00000000ec400000)
  to   space 27648K, 0% used [0x00000000f0200000,0x00000000f0200000,0x00000000f1d00000)
 ParOldGen       total 145408K, used 53361K [0x00000000a0000000, 0x00000000a8e00000, 0x00000000e0000000)
  object space 145408K, 36% used [0x00000000a0000000,0x00000000a341c5c8,0x00000000a8e00000)
 Metaspace       used 58858K, capacity 60742K, committed 60976K, reserved 1101824K
  class space    used 8023K, capacity 8481K, committed 8496K, reserved 1048576K
}
Event: 18.636 GC heap before
{Heap before GC invocations=17 (full 3):
 PSYoungGen      total 200704K, used 182153K [0x00000000e0000000, 0x00000000f1d00000, 0x0000000100000000)
  eden space 173056K, 96% used [0x00000000e0000000,0x00000000ea325c10,0x00000000ea900000)
  from space 27648K, 54% used [0x00000000ea900000,0x00000000eb7bca10,0x00000000ec400000)
  to   space 27648K, 0% used [0x00000000f0200000,0x00000000f0200000,0x00000000f1d00000)
 ParOldGen       total 145408K, used 53361K [0x00000000a0000000, 0x00000000a8e00000, 0x00000000e0000000)
  object space 145408K, 36% used [0x00000000a0000000,0x00000000a341c5c8,0x00000000a8e00000)
 Metaspace       used 63955K, capacity 65910K, committed 66096K, reserved 1105920K
  class space    used 8528K, capacity 8985K, committed 9008K, reserved 1048576K
Event: 18.672 GC heap after
Heap after GC invocations=17 (full 3):
 PSYoungGen      total 253952K, used 27620K [0x00000000e0000000, 0x00000000f2d80000, 0x0000000100000000)
  eden space 226304K, 0% used [0x00000000e0000000,0x00000000e0000000,0x00000000edd00000)
  from space 27648K, 99% used [0x00000000f0200000,0x00000000f1cf93f0,0x00000000f1d00000)
  to   space 37888K, 0% used [0x00000000edd00000,0x00000000edd00000,0x00000000f0200000)
 ParOldGen       total 145408K, used 70140K [0x00000000a0000000, 0x00000000a8e00000, 0x00000000e0000000)
  object space 145408K, 48% used [0x00000000a0000000,0x00000000a447f050,0x00000000a8e00000)
 Metaspace       used 63955K, capacity 65910K, committed 66096K, reserved 1105920K
  class space    used 8528K, capacity 8985K, committed 9008K, reserved 1048576K
}
Event: 20.619 GC heap before
{Heap before GC invocations=18 (full 3):
 PSYoungGen      total 253952K, used 253924K [0x00000000e0000000, 0x00000000f2d80000, 0x0000000100000000)
  eden space 226304K, 100% used [0x00000000e0000000,0x00000000edd00000,0x00000000edd00000)
  from space 27648K, 99% used [0x00000000f0200000,0x00000000f1cf93f0,0x00000000f1d00000)
  to   space 37888K, 0% used [0x00000000edd00000,0x00000000edd00000,0x00000000f0200000)
 ParOldGen       total 145408K, used 70140K [0x00000000a0000000, 0x00000000a8e00000, 0x00000000e0000000)
  object space 145408K, 48% used [0x00000000a0000000,0x00000000a447f050,0x00000000a8e00000)
 Metaspace       used 64794K, capacity 66756K, committed 66992K, reserved 1107968K
  class space    used 8621K, capacity 9094K, committed 9136K, reserved 1048576K
Event: 20.654 GC heap after
Heap after GC invocations=18 (full 3):
 PSYoungGen      total 264192K, used 1557K [0x00000000e0000000, 0x00000000f2d80000, 0x0000000100000000)
  eden space 226304K, 0% used [0x00000000e0000000,0x00000000e0000000,0x00000000edd00000)
  from space 37888K, 4% used [0x00000000edd00000,0x00000000ede85650,0x00000000f0200000)
  to   space 27648K, 0% used [0x00000000f0200000,0x00000000f0200000,0x00000000f1d00000)
 ParOldGen       total 145408K, used 90578K [0x00000000a0000000, 0x00000000a8e00000, 0x00000000e0000000)
  object space 145408K, 62% used [0x00000000a0000000,0x00000000a5874998,0x00000000a8e00000)
 Metaspace       used 64794K, capacity 66756K, committed 66992K, reserved 1107968K
  class space    used 8621K, capacity 9094K, committed 9136K, reserved 1048576K
}

