# JRE version: Java(TM) SE Runtime Environment (8.0_152-b16) (build 1.8.0_152-b16)
# Java VM: Java HotSpot(TM) 64-Bit Server VM (25.152-b16 mixed mode windows-amd64 compressed oops)
Heap:
 PSYoungGen      total 109056K, used 7080K [0x00000000e0000000, 0x00000000e7780000, 0x0000000100000000)
  eden space 95744K, 0% used [0x00000000e0000000,0x00000000e0000000,0x00000000e5d80000)
  from space 13312K, 53% used [0x00000000e5d80000,0x00000000e646a358,0x00000000e6a80000)
  to   space 11776K, 0% used [0x00000000e6a80000,0x00000000e6a80000,0x00000000e7600000)
 ParOldGen       total 72704K, used 29925K [0x00000000a0000000, 0x00000000a4700000, 0x00000000e0000000)
  object space 72704K, 41% used [0x00000000a0000000,0x00000000a1d39560,0x00000000a4700000)
 Metaspace       used 56405K, capacity 58154K, committed 58288K, reserved 1103872K
  class space    used 7843K, capacity 8272K, committed 8368K, reserved 1048576K
GC Heap History (10 events):
Event: 12.234 GC heap after
Heap after GC invocations=11 (full 2):
 PSYoungGen      total 109056K, used 0K [0x00000000e0000000, 0x00000000e7780000, 0x0000000100000000)
  eden space 95744K, 0% used [0x00000000e0000000,0x00000000e0000000,0x00000000e5d80000)
  from space 13312K, 0% used [0x00000000e5d80000,0x00000000e5d80000,0x00000000e6a80000)
  to   space 11776K, 0% used [0x00000000e6a80000,0x00000000e6a80000,0x00000000e7600000)
 ParOldGen       total 72704K, used 15114K [0x00000000a0000000, 0x00000000a4700000, 0x00000000e0000000)
  object space 72704K, 20% used [0x00000000a0000000,0x00000000a0ec2960,0x00000000a4700000)
 Metaspace       used 34530K, capacity 35320K, committed 35496K, reserved 1079296K
  class space    used 4894K, capacity 5138K, committed 5168K, reserved 1048576K
}
Event: 13.793 GC heap before
{Heap before GC invocations=12 (full 2):
 PSYoungGen      total 109056K, used 95744K [0x00000000e0000000, 0x00000000e7780000, 0x0000000100000000)
  eden space 95744K, 100% used [0x00000000e0000000,0x00000000e5d80000,0x00000000e5d80000)
  from space 13312K, 0% used [0x00000000e5d80000,0x00000000e5d80000,0x00000000e6a80000)
  to   space 11776K, 0% used [0x00000000e6a80000,0x00000000e6a80000,0x00000000e7600000)
 ParOldGen       total 72704K, used 15114K [0x00000000a0000000, 0x00000000a4700000, 0x00000000e0000000)
  object space 72704K, 20% used [0x00000000a0000000,0x00000000a0ec2960,0x00000000a4700000)
 Metaspace       used 40397K, capacity 41298K, committed 41520K, reserved 1085440K
  class space    used 5619K, capacity 5899K, committed 5936K, reserved 1048576K
Event: 13.801 GC heap after
Heap after GC invocations=12 (full 2):
 PSYoungGen      total 107520K, used 10569K [0x00000000e0000000, 0x00000000e7780000, 0x0000000100000000)
  eden space 95744K, 0% used [0x00000000e0000000,0x00000000e0000000,0x00000000e5d80000)
  from space 11776K, 89% used [0x00000000e6a80000,0x00000000e74d25c0,0x00000000e7600000)
  to   space 13312K, 0% used [0x00000000e5d80000,0x00000000e5d80000,0x00000000e6a80000)
 ParOldGen       total 72704K, used 15122K [0x00000000a0000000, 0x00000000a4700000, 0x00000000e0000000)
  object space 72704K, 20% used [0x00000000a0000000,0x00000000a0ec4960,0x00000000a4700000)
 Metaspace       used 40397K, capacity 41298K, committed 41520K, reserved 1085440K
  class space    used 5619K, capacity 5899K, committed 5936K, reserved 1048576K
}
Event: 18.825 GC heap before
{Heap before GC invocations=13 (full 2):
 PSYoungGen      total 107520K, used 106313K [0x00000000e0000000, 0x00000000e7780000, 0x0000000100000000)
  eden space 95744K, 100% used [0x00000000e0000000,0x00000000e5d80000,0x00000000e5d80000)
  from space 11776K, 89% used [0x00000000e6a80000,0x00000000e74d25c0,0x00000000e7600000)
  to   space 13312K, 0% used [0x00000000e5d80000,0x00000000e5d80000,0x00000000e6a80000)
 ParOldGen       total 72704K, used 15122K [0x00000000a0000000, 0x00000000a4700000, 0x00000000e0000000)
  object space 72704K, 20% used [0x00000000a0000000,0x00000000a0ec4960,0x00000000a4700000)
 Metaspace       used 46506K, capacity 47638K, committed 47792K, reserved 1089536K
  class space    used 6411K, capacity 6716K, committed 6832K, reserved 1048576K
Event: 18.834 GC heap after
Heap after GC invocations=13 (full 2):
 PSYoungGen      total 109056K, used 13049K [0x00000000e0000000, 0x00000000e7780000, 0x0000000100000000)
  eden space 95744K, 0% used [0x00000000e0000000,0x00000000e0000000,0x00000000e5d80000)
  from space 13312K, 98% used [0x00000000e5d80000,0x00000000e6a3e648,0x00000000e6a80000)
  to   space 11776K, 0% used [0x00000000e6a80000,0x00000000e6a80000,0x00000000e7600000)
 ParOldGen       total 72704K, used 15194K [0x00000000a0000000, 0x00000000a4700000, 0x00000000e0000000)
  object space 72704K, 20% used [0x00000000a0000000,0x00000000a0ed6970,0x00000000a4700000)
 Metaspace       used 46506K, capacity 47638K, committed 47792K, reserved 1089536K
  class space    used 6411K, capacity 6716K, committed 6832K, reserved 1048576K
}
Event: 20.464 GC heap before
{Heap before GC invocations=14 (full 2):
 PSYoungGen      total 109056K, used 108793K [0x00000000e0000000, 0x00000000e7780000, 0x0000000100000000)
  eden space 95744K, 100% used [0x00000000e0000000,0x00000000e5d80000,0x00000000e5d80000)
  from space 13312K, 98% used [0x00000000e5d80000,0x00000000e6a3e648,0x00000000e6a80000)
  to   space 11776K, 0% used [0x00000000e6a80000,0x00000000e6a80000,0x00000000e7600000)
 ParOldGen       total 72704K, used 15194K [0x00000000a0000000, 0x00000000a4700000, 0x00000000e0000000)
  object space 72704K, 20% used [0x00000000a0000000,0x00000000a0ed6970,0x00000000a4700000)
 Metaspace       used 52156K, capacity 53724K, committed 53808K, reserved 1095680K
  class space    used 7288K, capacity 7673K, committed 7728K, reserved 1048576K
Event: 20.502 GC heap after
Heap after GC invocations=14 (full 2):
 PSYoungGen      total 107520K, used 9281K [0x00000000e0000000, 0x00000000e7780000, 0x0000000100000000)
  eden space 95744K, 0% used [0x00000000e0000000,0x00000000e0000000,0x00000000e5d80000)
  from space 11776K, 78% used [0x00000000e6a80000,0x00000000e7390598,0x00000000e7600000)
  to   space 13312K, 0% used [0x00000000e5d80000,0x00000000e5d80000,0x00000000e6a80000)
 ParOldGen       total 72704K, used 24710K [0x00000000a0000000, 0x00000000a4700000, 0x00000000e0000000)
  object space 72704K, 33% used [0x00000000a0000000,0x00000000a1821a98,0x00000000a4700000)
 Metaspace       used 52156K, capacity 53724K, committed 53808K, reserved 1095680K
  class space    used 7288K, capacity 7673K, committed 7728K, reserved 1048576K
}
Event: 21.406 GC heap before
{Heap before GC invocations=15 (full 2):
 PSYoungGen      total 107520K, used 84044K [0x00000000e0000000, 0x00000000e7780000, 0x0000000100000000)
  eden space 95744K, 78% used [0x00000000e0000000,0x00000000e4902e48,0x00000000e5d80000)
  from space 11776K, 78% used [0x00000000e6a80000,0x00000000e7390598,0x00000000e7600000)
  to   space 13312K, 0% used [0x00000000e5d80000,0x00000000e5d80000,0x00000000e6a80000)
 ParOldGen       total 72704K, used 24710K [0x00000000a0000000, 0x00000000a4700000, 0x00000000e0000000)
  object space 72704K, 33% used [0x00000000a0000000,0x00000000a1821a98,0x00000000a4700000)
 Metaspace       used 56405K, capacity 58154K, committed 58288K, reserved 1103872K
  class space    used 7843K, capacity 8272K, committed 8368K, reserved 1048576K
Event: 21.417 GC heap after
Heap after GC invocations=15 (full 2):
 PSYoungGen      total 109056K, used 7080K [0x00000000e0000000, 0x00000000e7780000, 0x0000000100000000)
  eden space 95744K, 0% used [0x00000000e0000000,0x00000000e0000000,0x00000000e5d80000)
  from space 13312K, 53% used [0x00000000e5d80000,0x00000000e646a358,0x00000000e6a80000)
  to   space 11776K, 0% used [0x00000000e6a80000,0x00000000e6a80000,0x00000000e7600000)
 ParOldGen       total 72704K, used 29925K [0x00000000a0000000, 0x00000000a4700000, 0x00000000e0000000)
  object space 72704K, 41% used [0x00000000a0000000,0x00000000a1d39560,0x00000000a4700000)
 Metaspace       used 56405K, capacity 58154K, committed 58288K, reserved 1103872K
  class space    used 7843K, capacity 8272K, committed 8368K, reserved 1048576K
}
Event: 21.417 GC heap before
{Heap before GC invocations=16 (full 3):
 PSYoungGen      total 109056K, used 7080K [0x00000000e0000000, 0x00000000e7780000, 0x0000000100000000)
  eden space 95744K, 0% used [0x00000000e0000000,0x00000000e0000000,0x00000000e5d80000)
  from space 13312K, 53% used [0x00000000e5d80000,0x00000000e646a358,0x00000000e6a80000)
  to   space 11776K, 0% used [0x00000000e6a80000,0x00000000e6a80000,0x00000000e7600000)
 ParOldGen       total 72704K, used 29925K [0x00000000a0000000, 0x00000000a4700000, 0x00000000e0000000)
  object space 72704K, 41% used [0x00000000a0000000,0x00000000a1d39560,0x00000000a4700000)
 Metaspace       used 56405K, capacity 58154K, committed 58288K, reserved 1103872K
  class space    used 7843K, capacity 8272K, committed 8368K, reserved 1048576K

