# JRE version: Java(TM) SE Runtime Environment (8.0_152-b16) (build 1.8.0_152-b16)
# Java VM: Java HotSpot(TM) 64-Bit Server VM (25.152-b16 mixed mode windows-amd64 compressed oops)
Heap:
 PSYoungGen      total 228352K, used 78844K [0x00000000e0000000, 0x00000000efa80000, 0x0000000100000000)
  eden space 211456K, 29% used [0x00000000e0000000,0x00000000e3cefa80,0x00000000ece80000)
  from space 16896K, 97% used [0x00000000eea00000,0x00000000efa0f8e8,0x00000000efa80000)
  to   space 20992K, 0% used [0x00000000ed180000,0x00000000ed180000,0x00000000ee600000)
 ParOldGen       total 170496K, used 59387K [0x00000000a0000000, 0x00000000aa680000, 0x00000000e0000000)
  object space 170496K, 34% used [0x00000000a0000000,0x00000000a39fedb8,0x00000000aa680000)
 Metaspace       used 57405K, capacity 59414K, committed 59568K, reserved 1103872K
  class space    used 7891K, capacity 8310K, committed 8368K, reserved 1048576K
GC Heap History (10 events):
Event: 11.417 GC heap before
{Heap before GC invocations=13 (full 2):
 PSYoungGen      total 126976K, used 126861K [0x00000000e0000000, 0x00000000e8b80000, 0x0000000100000000)
  eden space 114176K, 100% used [0x00000000e0000000,0x00000000e6f80000,0x00000000e6f80000)
  from space 12800K, 99% used [0x00000000e7f00000,0x00000000e8b63600,0x00000000e8b80000)
  to   space 14336K, 0% used [0x00000000e6f80000,0x00000000e6f80000,0x00000000e7d80000)
 ParOldGen       total 96768K, used 16281K [0x00000000a0000000, 0x00000000a5e80000, 0x00000000e0000000)
  object space 96768K, 16% used [0x00000000a0000000,0x00000000a0fe67b8,0x00000000a5e80000)
 Metaspace       used 51706K, capacity 53250K, committed 53424K, reserved 1095680K
  class space    used 7194K, capacity 7558K, committed 7600K, reserved 1048576K
Event: 11.523 GC heap after
Heap after GC invocations=13 (full 2):
 PSYoungGen      total 128512K, used 14314K [0x00000000e0000000, 0x00000000ebc80000, 0x0000000100000000)
  eden space 114176K, 0% used [0x00000000e0000000,0x00000000e0000000,0x00000000e6f80000)
  from space 14336K, 99% used [0x00000000e6f80000,0x00000000e7d7a988,0x00000000e7d80000)
  to   space 18944K, 0% used [0x00000000eaa00000,0x00000000eaa00000,0x00000000ebc80000)
 ParOldGen       total 96768K, used 24164K [0x00000000a0000000, 0x00000000a5e80000, 0x00000000e0000000)
  object space 96768K, 24% used [0x00000000a0000000,0x00000000a1799260,0x00000000a5e80000)
 Metaspace       used 51706K, capacity 53250K, committed 53424K, reserved 1095680K
  class space    used 7194K, capacity 7558K, committed 7600K, reserved 1048576K
}
Event: 15.887 GC heap before
{Heap before GC invocations=14 (full 2):
 PSYoungGen      total 128512K, used 128490K [0x00000000e0000000, 0x00000000ebc80000, 0x0000000100000000)
  eden space 114176K, 100% used [0x00000000e0000000,0x00000000e6f80000,0x00000000e6f80000)
  from space 14336K, 99% used [0x00000000e6f80000,0x00000000e7d7a988,0x00000000e7d80000)
  to   space 18944K, 0% used [0x00000000eaa00000,0x00000000eaa00000,0x00000000ebc80000)
 ParOldGen       total 96768K, used 24164K [0x00000000a0000000, 0x00000000a5e80000, 0x00000000e0000000)
  object space 96768K, 24% used [0x00000000a0000000,0x00000000a1799260,0x00000000a5e80000)
 Metaspace       used 53119K, capacity 54768K, committed 54960K, reserved 1095680K
  class space    used 7366K, capacity 7729K, committed 7856K, reserved 1048576K
Event: 15.914 GC heap after
Heap after GC invocations=14 (full 2):
 PSYoungGen      total 169984K, used 13776K [0x00000000e0000000, 0x00000000ebb80000, 0x0000000100000000)
  eden space 152064K, 0% used [0x00000000e0000000,0x00000000e0000000,0x00000000e9480000)
  from space 17920K, 76% used [0x00000000eaa00000,0x00000000eb7742c0,0x00000000ebb80000)
  to   space 19968K, 0% used [0x00000000e9480000,0x00000000e9480000,0x00000000ea800000)
 ParOldGen       total 96768K, used 63436K [0x00000000a0000000, 0x00000000a5e80000, 0x00000000e0000000)
  object space 96768K, 65% used [0x00000000a0000000,0x00000000a3df3048,0x00000000a5e80000)
 Metaspace       used 53119K, capacity 54768K, committed 54960K, reserved 1095680K
  class space    used 7366K, capacity 7729K, committed 7856K, reserved 1048576K
}
Event: 16.307 GC heap before
{Heap before GC invocations=15 (full 2):
 PSYoungGen      total 169984K, used 165840K [0x00000000e0000000, 0x00000000ebb80000, 0x0000000100000000)
  eden space 152064K, 100% used [0x00000000e0000000,0x00000000e9480000,0x00000000e9480000)
  from space 17920K, 76% used [0x00000000eaa00000,0x00000000eb7742c0,0x00000000ebb80000)
  to   space 19968K, 0% used [0x00000000e9480000,0x00000000e9480000,0x00000000ea800000)
 ParOldGen       total 96768K, used 63436K [0x00000000a0000000, 0x00000000a5e80000, 0x00000000e0000000)
  object space 96768K, 65% used [0x00000000a0000000,0x00000000a3df3048,0x00000000a5e80000)
 Metaspace       used 53531K, capacity 55216K, committed 55472K, reserved 1097728K
  class space    used 7411K, capacity 7793K, committed 7856K, reserved 1048576K
Event: 16.361 GC heap after
Heap after GC invocations=15 (full 2):
 PSYoungGen      total 172032K, used 11462K [0x00000000e0000000, 0x00000000efd00000, 0x0000000100000000)
  eden space 152064K, 0% used [0x00000000e0000000,0x00000000e0000000,0x00000000e9480000)
  from space 19968K, 57% used [0x00000000e9480000,0x00000000e9fb1850,0x00000000ea800000)
  to   space 19456K, 0% used [0x00000000eea00000,0x00000000eea00000,0x00000000efd00000)
 ParOldGen       total 96768K, used 76167K [0x00000000a0000000, 0x00000000a5e80000, 0x00000000e0000000)
  object space 96768K, 78% used [0x00000000a0000000,0x00000000a4a61dc0,0x00000000a5e80000)
 Metaspace       used 53531K, capacity 55216K, committed 55472K, reserved 1097728K
  class space    used 7411K, capacity 7793K, committed 7856K, reserved 1048576K
}
Event: 16.362 GC heap before
{Heap before GC invocations=16 (full 3):
 PSYoungGen      total 172032K, used 11462K [0x00000000e0000000, 0x00000000efd00000, 0x0000000100000000)
  eden space 152064K, 0% used [0x00000000e0000000,0x00000000e0000000,0x00000000e9480000)
  from space 19968K, 57% used [0x00000000e9480000,0x00000000e9fb1850,0x00000000ea800000)
  to   space 19456K, 0% used [0x00000000eea00000,0x00000000eea00000,0x00000000efd00000)
 ParOldGen       total 96768K, used 76167K [0x00000000a0000000, 0x00000000a5e80000, 0x00000000e0000000)
  object space 96768K, 78% used [0x00000000a0000000,0x00000000a4a61dc0,0x00000000a5e80000)
 Metaspace       used 53531K, capacity 55216K, committed 55472K, reserved 1097728K
  class space    used 7411K, capacity 7793K, committed 7856K, reserved 1048576K
Event: 16.643 GC heap after
Heap after GC invocations=16 (full 3):
 PSYoungGen      total 172032K, used 0K [0x00000000e0000000, 0x00000000efd00000, 0x0000000100000000)
  eden space 152064K, 0% used [0x00000000e0000000,0x00000000e0000000,0x00000000e9480000)
  from space 19968K, 0% used [0x00000000e9480000,0x00000000e9480000,0x00000000ea800000)
  to   space 19456K, 0% used [0x00000000eea00000,0x00000000eea00000,0x00000000efd00000)
 ParOldGen       total 170496K, used 59379K [0x00000000a0000000, 0x00000000aa680000, 0x00000000e0000000)
  object space 170496K, 34% used [0x00000000a0000000,0x00000000a39fcdb8,0x00000000aa680000)
 Metaspace       used 53522K, capacity 55190K, committed 55472K, reserved 1097728K
  class space    used 7408K, capacity 7788K, committed 7856K, reserved 1048576K
}
Event: 18.734 GC heap before
{Heap before GC invocations=17 (full 3):
 PSYoungGen      total 172032K, used 151212K [0x00000000e0000000, 0x00000000efd00000, 0x0000000100000000)
  eden space 152064K, 99% used [0x00000000e0000000,0x00000000e93ab208,0x00000000e9480000)
  from space 19968K, 0% used [0x00000000e9480000,0x00000000e9480000,0x00000000ea800000)
  to   space 19456K, 0% used [0x00000000eea00000,0x00000000eea00000,0x00000000efd00000)
 ParOldGen       total 170496K, used 59379K [0x00000000a0000000, 0x00000000aa680000, 0x00000000e0000000)
  object space 170496K, 34% used [0x00000000a0000000,0x00000000a39fcdb8,0x00000000aa680000)
 Metaspace       used 55428K, capacity 57206K, committed 57264K, reserved 1097728K
  class space    used 7668K, capacity 8076K, committed 8112K, reserved 1048576K
Event: 18.748 GC heap after
Heap after GC invocations=17 (full 3):
 PSYoungGen      total 228352K, used 16446K [0x00000000e0000000, 0x00000000efa80000, 0x0000000100000000)
  eden space 211456K, 0% used [0x00000000e0000000,0x00000000e0000000,0x00000000ece80000)
  from space 16896K, 97% used [0x00000000eea00000,0x00000000efa0f8e8,0x00000000efa80000)
  to   space 20992K, 0% used [0x00000000ed180000,0x00000000ed180000,0x00000000ee600000)
 ParOldGen       total 170496K, used 59387K [0x00000000a0000000, 0x00000000aa680000, 0x00000000e0000000)
  object space 170496K, 34% used [0x00000000a0000000,0x00000000a39fedb8,0x00000000aa680000)
 Metaspace       used 55428K, capacity 57206K, committed 57264K, reserved 1097728K
  class space    used 7668K, capacity 8076K, committed 8112K, reserved 1048576K
}

