# JRE version: Java(TM) SE Runtime Environment (8.0_152-b16) (build 1.8.0_152-b16)
# Java VM: Java HotSpot(TM) 64-Bit Server VM (25.152-b16 mixed mode windows-amd64 compressed oops)
Heap:
 PSYoungGen      total 228352K, used 140545K [0x00000000e0000000, 0x00000000f0f80000, 0x0000000100000000)
  eden space 210944K, 58% used [0x00000000e0000000,0x00000000e7847048,0x00000000ece00000)
  from space 17408K, 99% used [0x00000000ee980000,0x00000000efa79650,0x00000000efa80000)
  to   space 28160K, 0% used [0x00000000ece00000,0x00000000ece00000,0x00000000ee980000)
 ParOldGen       total 159744K, used 92869K [0x00000000a0000000, 0x00000000a9c00000, 0x00000000e0000000)
  object space 159744K, 58% used [0x00000000a0000000,0x00000000a5ab1518,0x00000000a9c00000)
 Metaspace       used 64523K, capacity 66498K, committed 66736K, reserved 1107968K
  class space    used 8592K, capacity 9051K, committed 9136K, reserved 1048576K
GC Heap History (10 events):
Event: 12.274 GC heap before
{Heap before GC invocations=11 (full 2):
 PSYoungGen      total 174080K, used 174055K [0x00000000e0000000, 0x00000000ebb00000, 0x0000000100000000)
  eden space 162816K, 100% used [0x00000000e0000000,0x00000000e9f00000,0x00000000e9f00000)
  from space 11264K, 99% used [0x00000000eb000000,0x00000000ebaf9eb8,0x00000000ebb00000)
  to   space 12800K, 0% used [0x00000000ea200000,0x00000000ea200000,0x00000000eae80000)
 ParOldGen       total 90624K, used 14897K [0x00000000a0000000, 0x00000000a5880000, 0x00000000e0000000)
  object space 90624K, 16% used [0x00000000a0000000,0x00000000a0e8c620,0x00000000a5880000)
 Metaspace       used 50770K, capacity 52262K, committed 52528K, reserved 1093632K
  class space    used 7067K, capacity 7452K, committed 7472K, reserved 1048576K
Event: 12.400 GC heap after
Heap after GC invocations=11 (full 2):
 PSYoungGen      total 178688K, used 12769K [0x00000000e0000000, 0x00000000efa80000, 0x0000000100000000)
  eden space 165888K, 0% used [0x00000000e0000000,0x00000000e0000000,0x00000000ea200000)
  from space 12800K, 99% used [0x00000000ea200000,0x00000000eae785d0,0x00000000eae80000)
  to   space 17408K, 0% used [0x00000000ee980000,0x00000000ee980000,0x00000000efa80000)
 ParOldGen       total 90624K, used 22968K [0x00000000a0000000, 0x00000000a5880000, 0x00000000e0000000)
  object space 90624K, 25% used [0x00000000a0000000,0x00000000a166e330,0x00000000a5880000)
 Metaspace       used 50770K, capacity 52262K, committed 52528K, reserved 1093632K
  class space    used 7067K, capacity 7452K, committed 7472K, reserved 1048576K
}
Event: 17.713 GC heap before
{Heap before GC invocations=12 (full 2):
 PSYoungGen      total 178688K, used 170837K [0x00000000e0000000, 0x00000000efa80000, 0x0000000100000000)
  eden space 165888K, 95% used [0x00000000e0000000,0x00000000e9a5d1b0,0x00000000ea200000)
  from space 12800K, 99% used [0x00000000ea200000,0x00000000eae785d0,0x00000000eae80000)
  to   space 17408K, 0% used [0x00000000ee980000,0x00000000ee980000,0x00000000efa80000)
 ParOldGen       total 90624K, used 22968K [0x00000000a0000000, 0x00000000a5880000, 0x00000000e0000000)
  object space 90624K, 25% used [0x00000000a0000000,0x00000000a166e330,0x00000000a5880000)
 Metaspace       used 57352K, capacity 59082K, committed 59160K, reserved 1099776K
  class space    used 7880K, capacity 8321K, committed 8368K, reserved 1048576K
Event: 17.751 GC heap after
Heap after GC invocations=12 (full 2):
 PSYoungGen      total 228352K, used 17390K [0x00000000e0000000, 0x00000000f0f80000, 0x0000000100000000)
  eden space 210944K, 0% used [0x00000000e0000000,0x00000000e0000000,0x00000000ece00000)
  from space 17408K, 99% used [0x00000000ee980000,0x00000000efa7bb18,0x00000000efa80000)
  to   space 28160K, 0% used [0x00000000ece00000,0x00000000ece00000,0x00000000ee980000)
 ParOldGen       total 90624K, used 46447K [0x00000000a0000000, 0x00000000a5880000, 0x00000000e0000000)
  object space 90624K, 51% used [0x00000000a0000000,0x00000000a2d5bf70,0x00000000a5880000)
 Metaspace       used 57352K, capacity 59082K, committed 59160K, reserved 1099776K
  class space    used 7880K, capacity 8321K, committed 8368K, reserved 1048576K
}
Event: 17.751 GC heap before
{Heap before GC invocations=13 (full 3):
 PSYoungGen      total 228352K, used 17390K [0x00000000e0000000, 0x00000000f0f80000, 0x0000000100000000)
  eden space 210944K, 0% used [0x00000000e0000000,0x00000000e0000000,0x00000000ece00000)
  from space 17408K, 99% used [0x00000000ee980000,0x00000000efa7bb18,0x00000000efa80000)
  to   space 28160K, 0% used [0x00000000ece00000,0x00000000ece00000,0x00000000ee980000)
 ParOldGen       total 90624K, used 46447K [0x00000000a0000000, 0x00000000a5880000, 0x00000000e0000000)
  object space 90624K, 51% used [0x00000000a0000000,0x00000000a2d5bf70,0x00000000a5880000)
 Metaspace       used 57352K, capacity 59082K, committed 59160K, reserved 1099776K
  class space    used 7880K, capacity 8321K, committed 8368K, reserved 1048576K
Event: 17.938 GC heap after
Heap after GC invocations=13 (full 3):
 PSYoungGen      total 228352K, used 0K [0x00000000e0000000, 0x00000000f0f80000, 0x0000000100000000)
  eden space 210944K, 0% used [0x00000000e0000000,0x00000000e0000000,0x00000000ece00000)
  from space 17408K, 0% used [0x00000000ee980000,0x00000000ee980000,0x00000000efa80000)
  to   space 28160K, 0% used [0x00000000ece00000,0x00000000ece00000,0x00000000ee980000)
 ParOldGen       total 159744K, used 54338K [0x00000000a0000000, 0x00000000a9c00000, 0x00000000e0000000)
  object space 159744K, 34% used [0x00000000a0000000,0x00000000a3510a68,0x00000000a9c00000)
 Metaspace       used 57352K, capacity 59082K, committed 59160K, reserved 1099776K
  class space    used 7880K, capacity 8321K, committed 8368K, reserved 1048576K
}
Event: 19.008 GC heap before
{Heap before GC invocations=14 (full 3):
 PSYoungGen      total 228352K, used 210944K [0x00000000e0000000, 0x00000000f0f80000, 0x0000000100000000)
  eden space 210944K, 100% used [0x00000000e0000000,0x00000000ece00000,0x00000000ece00000)
  from space 17408K, 0% used [0x00000000ee980000,0x00000000ee980000,0x00000000efa80000)
  to   space 28160K, 0% used [0x00000000ece00000,0x00000000ece00000,0x00000000ee980000)
 ParOldGen       total 159744K, used 54338K [0x00000000a0000000, 0x00000000a9c00000, 0x00000000e0000000)
  object space 159744K, 34% used [0x00000000a0000000,0x00000000a3510a68,0x00000000a9c00000)
 Metaspace       used 58882K, capacity 60682K, committed 60720K, reserved 1101824K
  class space    used 8022K, capacity 8481K, committed 8496K, reserved 1048576K
Event: 19.044 GC heap after
Heap after GC invocations=14 (full 3):
 PSYoungGen      total 239104K, used 26901K [0x00000000e0000000, 0x00000000f0f80000, 0x0000000100000000)
  eden space 210944K, 0% used [0x00000000e0000000,0x00000000e0000000,0x00000000ece00000)
  from space 28160K, 95% used [0x00000000ece00000,0x00000000ee845728,0x00000000ee980000)
  to   space 17408K, 0% used [0x00000000ee980000,0x00000000ee980000,0x00000000efa80000)
 ParOldGen       total 159744K, used 54346K [0x00000000a0000000, 0x00000000a9c00000, 0x00000000e0000000)
  object space 159744K, 34% used [0x00000000a0000000,0x00000000a3512a68,0x00000000a9c00000)
 Metaspace       used 58882K, capacity 60682K, committed 60720K, reserved 1101824K
  class space    used 8022K, capacity 8481K, committed 8496K, reserved 1048576K
}
Event: 22.739 GC heap before
{Heap before GC invocations=15 (full 3):
 PSYoungGen      total 239104K, used 237845K [0x00000000e0000000, 0x00000000f0f80000, 0x0000000100000000)
  eden space 210944K, 100% used [0x00000000e0000000,0x00000000ece00000,0x00000000ece00000)
  from space 28160K, 95% used [0x00000000ece00000,0x00000000ee845728,0x00000000ee980000)
  to   space 17408K, 0% used [0x00000000ee980000,0x00000000ee980000,0x00000000efa80000)
 ParOldGen       total 159744K, used 54346K [0x00000000a0000000, 0x00000000a9c00000, 0x00000000e0000000)
  object space 159744K, 34% used [0x00000000a0000000,0x00000000a3512a68,0x00000000a9c00000)
 Metaspace       used 64496K, capacity 66434K, committed 66736K, reserved 1107968K
  class space    used 8592K, capacity 9051K, committed 9136K, reserved 1048576K
Event: 23.289 GC heap after
Heap after GC invocations=15 (full 3):
 PSYoungGen      total 228352K, used 17381K [0x00000000e0000000, 0x00000000f0f80000, 0x0000000100000000)
  eden space 210944K, 0% used [0x00000000e0000000,0x00000000e0000000,0x00000000ece00000)
  from space 17408K, 99% used [0x00000000ee980000,0x00000000efa79650,0x00000000efa80000)
  to   space 28160K, 0% used [0x00000000ece00000,0x00000000ece00000,0x00000000ee980000)
 ParOldGen       total 159744K, used 92869K [0x00000000a0000000, 0x00000000a9c00000, 0x00000000e0000000)
  object space 159744K, 58% used [0x00000000a0000000,0x00000000a5ab1518,0x00000000a9c00000)
 Metaspace       used 64496K, capacity 66434K, committed 66736K, reserved 1107968K
  class space    used 8592K, capacity 9051K, committed 9136K, reserved 1048576K
}

