# JRE version: Java(TM) SE Runtime Environment (8.0_152-b16) (build 1.8.0_152-b16)
# Java VM: Java HotSpot(TM) 64-Bit Server VM (25.152-b16 mixed mode windows-amd64 compressed oops)
Heap:
 PSYoungGen      total 282112K, used 208402K [0x00000000e0000000, 0x00000000f8280000, 0x0000000100000000)
  eden space 214016K, 88% used [0x00000000e0000000,0x00000000eb9c7b80,0x00000000ed100000)
  from space 68096K, 26% used [0x00000000ed100000,0x00000000ee2bcd10,0x00000000f1380000)
  to   space 65024K, 0% used [0x00000000f4300000,0x00000000f4300000,0x00000000f8280000)
 ParOldGen       total 142336K, used 91073K [0x00000000a0000000, 0x00000000a8b00000, 0x00000000e0000000)
  object space 142336K, 63% used [0x00000000a0000000,0x00000000a58f0478,0x00000000a8b00000)
 Metaspace       used 75221K, capacity 77800K, committed 82840K, reserved 1122304K
  class space    used 9587K, capacity 10105K, committed 10904K, reserved 1048576K
GC Heap History (10 events):
Event: 4113.129 GC heap before
{Heap before GC invocations=19 (full 3):
 PSYoungGen      total 209408K, used 209381K [0x00000000e0000000, 0x00000000f1180000, 0x0000000100000000)
  eden space 181760K, 100% used [0x00000000e0000000,0x00000000eb180000,0x00000000eb180000)
  from space 27648K, 99% used [0x00000000eb180000,0x00000000ecc79540,0x00000000ecc80000)
  to   space 33792K, 0% used [0x00000000ef080000,0x00000000ef080000,0x00000000f1180000)
 ParOldGen       total 136192K, used 45174K [0x00000000a0000000, 0x00000000a8500000, 0x00000000e0000000)
  object space 136192K, 33% used [0x00000000a0000000,0x00000000a2c1da78,0x00000000a8500000)
 Metaspace       used 73619K, capacity 76688K, committed 76952K, reserved 1116160K
  class space    used 9706K, capacity 10357K, committed 10392K, reserved 1048576K
Event: 4113.212 GC heap after
Heap after GC invocations=19 (full 3):
 PSYoungGen      total 236544K, used 33761K [0x00000000e0000000, 0x00000000f3b80000, 0x0000000100000000)
  eden space 202752K, 0% used [0x00000000e0000000,0x00000000e0000000,0x00000000ec600000)
  from space 33792K, 99% used [0x00000000ef080000,0x00000000f1178798,0x00000000f1180000)
  to   space 43520K, 0% used [0x00000000ec600000,0x00000000ec600000,0x00000000ef080000)
 ParOldGen       total 136192K, used 56202K [0x00000000a0000000, 0x00000000a8500000, 0x00000000e0000000)
  object space 136192K, 41% used [0x00000000a0000000,0x00000000a36e2820,0x00000000a8500000)
 Metaspace       used 73619K, capacity 76688K, committed 76952K, reserved 1116160K
  class space    used 9706K, capacity 10357K, committed 10392K, reserved 1048576K
}
Event: 4116.869 GC heap before
{Heap before GC invocations=20 (full 3):
 PSYoungGen      total 236544K, used 236513K [0x00000000e0000000, 0x00000000f3b80000, 0x0000000100000000)
  eden space 202752K, 100% used [0x00000000e0000000,0x00000000ec600000,0x00000000ec600000)
  from space 33792K, 99% used [0x00000000ef080000,0x00000000f1178798,0x00000000f1180000)
  to   space 43520K, 0% used [0x00000000ec600000,0x00000000ec600000,0x00000000ef080000)
 ParOldGen       total 136192K, used 56202K [0x00000000a0000000, 0x00000000a8500000, 0x00000000e0000000)
  object space 136192K, 41% used [0x00000000a0000000,0x00000000a36e2820,0x00000000a8500000)
 Metaspace       used 78855K, capacity 82132K, committed 82328K, reserved 1120256K
  class space    used 10180K, capacity 10861K, committed 10904K, reserved 1048576K
Event: 4116.918 GC heap after
Heap after GC invocations=20 (full 3):
 PSYoungGen      total 246272K, used 19354K [0x00000000e0000000, 0x00000000f3c00000, 0x0000000100000000)
  eden space 202752K, 0% used [0x00000000e0000000,0x00000000e0000000,0x00000000ec600000)
  from space 43520K, 44% used [0x00000000ec600000,0x00000000ed8e6818,0x00000000ef080000)
  to   space 41472K, 0% used [0x00000000f1380000,0x00000000f1380000,0x00000000f3c00000)
 ParOldGen       total 136192K, used 88062K [0x00000000a0000000, 0x00000000a8500000, 0x00000000e0000000)
  object space 136192K, 64% used [0x00000000a0000000,0x00000000a55ffb98,0x00000000a8500000)
 Metaspace       used 78855K, capacity 82132K, committed 82328K, reserved 1120256K
  class space    used 10180K, capacity 10861K, committed 10904K, reserved 1048576K
}
Event: 4117.622 GC heap before
{Heap before GC invocations=21 (full 3):
 PSYoungGen      total 246272K, used 222106K [0x00000000e0000000, 0x00000000f3c00000, 0x0000000100000000)
  eden space 202752K, 100% used [0x00000000e0000000,0x00000000ec600000,0x00000000ec600000)
  from space 43520K, 44% used [0x00000000ec600000,0x00000000ed8e6818,0x00000000ef080000)
  to   space 41472K, 0% used [0x00000000f1380000,0x00000000f1380000,0x00000000f3c00000)
 ParOldGen       total 136192K, used 88062K [0x00000000a0000000, 0x00000000a8500000, 0x00000000e0000000)
  object space 136192K, 64% used [0x00000000a0000000,0x00000000a55ffb98,0x00000000a8500000)
 Metaspace       used 79295K, capacity 82566K, committed 82840K, reserved 1122304K
  class space    used 10226K, capacity 10900K, committed 10904K, reserved 1048576K
Event: 4117.683 GC heap after
Heap after GC invocations=21 (full 3):
 PSYoungGen      total 255488K, used 41467K [0x00000000e0000000, 0x00000000f7980000, 0x0000000100000000)
  eden space 214016K, 0% used [0x00000000e0000000,0x00000000e0000000,0x00000000ed100000)
  from space 41472K, 99% used [0x00000000f1380000,0x00000000f3bfeef8,0x00000000f3c00000)
  to   space 68096K, 0% used [0x00000000ed100000,0x00000000ed100000,0x00000000f1380000)
 ParOldGen       total 142336K, used 142109K [0x00000000a0000000, 0x00000000a8b00000, 0x00000000e0000000)
  object space 142336K, 99% used [0x00000000a0000000,0x00000000a8ac7498,0x00000000a8b00000)
 Metaspace       used 79295K, capacity 82566K, committed 82840K, reserved 1122304K
  class space    used 10226K, capacity 10900K, committed 10904K, reserved 1048576K
}
Event: 4117.706 GC heap before
{Heap before GC invocations=22 (full 4):
 PSYoungGen      total 255488K, used 41467K [0x00000000e0000000, 0x00000000f7980000, 0x0000000100000000)
  eden space 214016K, 0% used [0x00000000e0000000,0x00000000e0000000,0x00000000ed100000)
  from space 41472K, 99% used [0x00000000f1380000,0x00000000f3bfeef8,0x00000000f3c00000)
  to   space 68096K, 0% used [0x00000000ed100000,0x00000000ed100000,0x00000000f1380000)
 ParOldGen       total 142336K, used 142109K [0x00000000a0000000, 0x00000000a8b00000, 0x00000000e0000000)
  object space 142336K, 99% used [0x00000000a0000000,0x00000000a8ac7498,0x00000000a8b00000)
 Metaspace       used 79295K, capacity 82566K, committed 82840K, reserved 1122304K
  class space    used 10226K, capacity 10900K, committed 10904K, reserved 1048576K
Event: 4118.004 GC heap after
Heap after GC invocations=22 (full 4):
 PSYoungGen      total 255488K, used 0K [0x00000000e0000000, 0x00000000f7980000, 0x0000000100000000)
  eden space 214016K, 0% used [0x00000000e0000000,0x00000000e0000000,0x00000000ed100000)
  from space 41472K, 0% used [0x00000000f1380000,0x00000000f1380000,0x00000000f3c00000)
  to   space 68096K, 0% used [0x00000000ed100000,0x00000000ed100000,0x00000000f1380000)
 ParOldGen       total 142336K, used 91065K [0x00000000a0000000, 0x00000000a8b00000, 0x00000000e0000000)
  object space 142336K, 63% used [0x00000000a0000000,0x00000000a58ee478,0x00000000a8b00000)
 Metaspace       used 74618K, capacity 77194K, committed 82840K, reserved 1122304K
  class space    used 9528K, capacity 10058K, committed 10904K, reserved 1048576K
}
Event: 4118.855 GC heap before
{Heap before GC invocations=23 (full 4):
 PSYoungGen      total 255488K, used 214016K [0x00000000e0000000, 0x00000000f7980000, 0x0000000100000000)
  eden space 214016K, 100% used [0x00000000e0000000,0x00000000ed100000,0x00000000ed100000)
  from space 41472K, 0% used [0x00000000f1380000,0x00000000f1380000,0x00000000f3c00000)
  to   space 68096K, 0% used [0x00000000ed100000,0x00000000ed100000,0x00000000f1380000)
 ParOldGen       total 142336K, used 91065K [0x00000000a0000000, 0x00000000a8b00000, 0x00000000e0000000)
  object space 142336K, 63% used [0x00000000a0000000,0x00000000a58ee478,0x00000000a8b00000)
 Metaspace       used 75141K, capacity 77706K, committed 82840K, reserved 1122304K
  class space    used 9580K, capacity 10098K, committed 10904K, reserved 1048576K
Event: 4118.864 GC heap after
Heap after GC invocations=23 (full 4):
 PSYoungGen      total 282112K, used 18163K [0x00000000e0000000, 0x00000000f8280000, 0x0000000100000000)
  eden space 214016K, 0% used [0x00000000e0000000,0x00000000e0000000,0x00000000ed100000)
  from space 68096K, 26% used [0x00000000ed100000,0x00000000ee2bcd10,0x00000000f1380000)
  to   space 65024K, 0% used [0x00000000f4300000,0x00000000f4300000,0x00000000f8280000)
 ParOldGen       total 142336K, used 91073K [0x00000000a0000000, 0x00000000a8b00000, 0x00000000e0000000)
  object space 142336K, 63% used [0x00000000a0000000,0x00000000a58f0478,0x00000000a8b00000)
 Metaspace       used 75141K, capacity 77706K, committed 82840K, reserved 1122304K
  class space    used 9580K, capacity 10098K, committed 10904K, reserved 1048576K
}

