# JRE version: Java(TM) SE Runtime Environment (8.0_152-b16) (build 1.8.0_152-b16)
# Java VM: Java HotSpot(TM) 64-Bit Server VM (25.152-b16 mixed mode windows-amd64 compressed oops)
Heap:
 PSYoungGen      total 106496K, used 5379K [0x00000000e0000000, 0x00000000e7380000, 0x0000000100000000)
  eden space 94720K, 0% used [0x00000000e0000000,0x00000000e0000000,0x00000000e5c80000)
  from space 11776K, 45% used [0x00000000e5c80000,0x00000000e61c0c80,0x00000000e6800000)
  to   space 11264K, 0% used [0x00000000e6880000,0x00000000e6880000,0x00000000e7380000)
 ParOldGen       total 96256K, used 17379K [0x00000000a0000000, 0x00000000a5e00000, 0x00000000e0000000)
  object space 96256K, 18% used [0x00000000a0000000,0x00000000a10f8df0,0x00000000a5e00000)
 Metaspace       used 49611K, capacity 50782K, committed 50864K, reserved 1101824K
  class space    used 6699K, capacity 7008K, committed 7088K, reserved 1048576K
GC Heap History (10 events):
Event: 9.402 GC heap after
Heap after GC invocations=37 (full 14):
 PSYoungGen      total 107008K, used 282K [0x00000000e0000000, 0x00000000e7480000, 0x0000000100000000)
  eden space 93696K, 0% used [0x00000000e0000000,0x00000000e0000000,0x00000000e5b80000)
  from space 13312K, 2% used [0x00000000e5b80000,0x00000000e5bc6928,0x00000000e6880000)
  to   space 12288K, 0% used [0x00000000e6880000,0x00000000e6880000,0x00000000e7480000)
 ParOldGen       total 96256K, used 17422K [0x00000000a0000000, 0x00000000a5e00000, 0x00000000e0000000)
  object space 96256K, 18% used [0x00000000a0000000,0x00000000a11039d0,0x00000000a5e00000)
 Metaspace       used 46786K, capacity 47640K, committed 48304K, reserved 1097728K
  class space    used 6410K, capacity 6655K, committed 6832K, reserved 1048576K
}
Event: 9.402 GC heap before
{Heap before GC invocations=38 (full 15):
 PSYoungGen      total 107008K, used 282K [0x00000000e0000000, 0x00000000e7480000, 0x0000000100000000)
  eden space 93696K, 0% used [0x00000000e0000000,0x00000000e0000000,0x00000000e5b80000)
  from space 13312K, 2% used [0x00000000e5b80000,0x00000000e5bc6928,0x00000000e6880000)
  to   space 12288K, 0% used [0x00000000e6880000,0x00000000e6880000,0x00000000e7480000)
 ParOldGen       total 96256K, used 17422K [0x00000000a0000000, 0x00000000a5e00000, 0x00000000e0000000)
  object space 96256K, 18% used [0x00000000a0000000,0x00000000a11039d0,0x00000000a5e00000)
 Metaspace       used 46786K, capacity 47640K, committed 48304K, reserved 1097728K
  class space    used 6410K, capacity 6655K, committed 6832K, reserved 1048576K
Event: 9.480 GC heap after
Heap after GC invocations=38 (full 15):
 PSYoungGen      total 107008K, used 0K [0x00000000e0000000, 0x00000000e7480000, 0x0000000100000000)
  eden space 93696K, 0% used [0x00000000e0000000,0x00000000e0000000,0x00000000e5b80000)
  from space 13312K, 0% used [0x00000000e5b80000,0x00000000e5b80000,0x00000000e6880000)
  to   space 12288K, 0% used [0x00000000e6880000,0x00000000e6880000,0x00000000e7480000)
 ParOldGen       total 96256K, used 17095K [0x00000000a0000000, 0x00000000a5e00000, 0x00000000e0000000)
  object space 96256K, 17% used [0x00000000a0000000,0x00000000a10b1ca8,0x00000000a5e00000)
 Metaspace       used 46786K, capacity 47640K, committed 48304K, reserved 1095680K
  class space    used 6410K, capacity 6655K, committed 6832K, reserved 1048576K
}
Event: 9.496 GC heap before
{Heap before GC invocations=39 (full 15):
 PSYoungGen      total 107008K, used 3585K [0x00000000e0000000, 0x00000000e7480000, 0x0000000100000000)
  eden space 93696K, 3% used [0x00000000e0000000,0x00000000e0380580,0x00000000e5b80000)
  from space 13312K, 0% used [0x00000000e5b80000,0x00000000e5b80000,0x00000000e6880000)
  to   space 12288K, 0% used [0x00000000e6880000,0x00000000e6880000,0x00000000e7480000)
 ParOldGen       total 96256K, used 17095K [0x00000000a0000000, 0x00000000a5e00000, 0x00000000e0000000)
  object space 96256K, 17% used [0x00000000a0000000,0x00000000a10b1ca8,0x00000000a5e00000)
 Metaspace       used 47336K, capacity 48184K, committed 48816K, reserved 1099776K
  class space    used 6448K, capacity 6687K, committed 6832K, reserved 1048576K
Event: 9.497 GC heap after
Heap after GC invocations=39 (full 15):
 PSYoungGen      total 105984K, used 520K [0x00000000e0000000, 0x00000000e7380000, 0x0000000100000000)
  eden space 94720K, 0% used [0x00000000e0000000,0x00000000e0000000,0x00000000e5c80000)
  from space 11264K, 4% used [0x00000000e6880000,0x00000000e6902368,0x00000000e7380000)
  to   space 11776K, 0% used [0x00000000e5c80000,0x00000000e5c80000,0x00000000e6800000)
 ParOldGen       total 96256K, used 17095K [0x00000000a0000000, 0x00000000a5e00000, 0x00000000e0000000)
  object space 96256K, 17% used [0x00000000a0000000,0x00000000a10b1ca8,0x00000000a5e00000)
 Metaspace       used 47336K, capacity 48184K, committed 48816K, reserved 1099776K
  class space    used 6448K, capacity 6687K, committed 6832K, reserved 1048576K
}
Event: 9.497 GC heap before
{Heap before GC invocations=40 (full 16):
 PSYoungGen      total 105984K, used 520K [0x00000000e0000000, 0x00000000e7380000, 0x0000000100000000)
  eden space 94720K, 0% used [0x00000000e0000000,0x00000000e0000000,0x00000000e5c80000)
  from space 11264K, 4% used [0x00000000e6880000,0x00000000e6902368,0x00000000e7380000)
  to   space 11776K, 0% used [0x00000000e5c80000,0x00000000e5c80000,0x00000000e6800000)
 ParOldGen       total 96256K, used 17095K [0x00000000a0000000, 0x00000000a5e00000, 0x00000000e0000000)
  object space 96256K, 17% used [0x00000000a0000000,0x00000000a10b1ca8,0x00000000a5e00000)
 Metaspace       used 47336K, capacity 48184K, committed 48816K, reserved 1099776K
  class space    used 6448K, capacity 6687K, committed 6832K, reserved 1048576K
Event: 9.526 GC heap after
Heap after GC invocations=40 (full 16):
 PSYoungGen      total 105984K, used 0K [0x00000000e0000000, 0x00000000e7380000, 0x0000000100000000)
  eden space 94720K, 0% used [0x00000000e0000000,0x00000000e0000000,0x00000000e5c80000)
  from space 11264K, 0% used [0x00000000e6880000,0x00000000e6880000,0x00000000e7380000)
  to   space 11776K, 0% used [0x00000000e5c80000,0x00000000e5c80000,0x00000000e6800000)
 ParOldGen       total 96256K, used 17371K [0x00000000a0000000, 0x00000000a5e00000, 0x00000000e0000000)
  object space 96256K, 18% used [0x00000000a0000000,0x00000000a10f6df0,0x00000000a5e00000)
 Metaspace       used 47336K, capacity 48184K, committed 48816K, reserved 1097728K
  class space    used 6448K, capacity 6687K, committed 6832K, reserved 1048576K
}
Event: 19.796 GC heap before
{Heap before GC invocations=41 (full 16):
 PSYoungGen      total 105984K, used 45972K [0x00000000e0000000, 0x00000000e7380000, 0x0000000100000000)
  eden space 94720K, 48% used [0x00000000e0000000,0x00000000e2ce52e0,0x00000000e5c80000)
  from space 11264K, 0% used [0x00000000e6880000,0x00000000e6880000,0x00000000e7380000)
  to   space 11776K, 0% used [0x00000000e5c80000,0x00000000e5c80000,0x00000000e6800000)
 ParOldGen       total 96256K, used 17371K [0x00000000a0000000, 0x00000000a5e00000, 0x00000000e0000000)
  object space 96256K, 18% used [0x00000000a0000000,0x00000000a10f6df0,0x00000000a5e00000)
 Metaspace       used 49611K, capacity 50782K, committed 50864K, reserved 1101824K
  class space    used 6699K, capacity 7008K, committed 7088K, reserved 1048576K
Event: 19.801 GC heap after
Heap after GC invocations=41 (full 16):
 PSYoungGen      total 106496K, used 5379K [0x00000000e0000000, 0x00000000e7380000, 0x0000000100000000)
  eden space 94720K, 0% used [0x00000000e0000000,0x00000000e0000000,0x00000000e5c80000)
  from space 11776K, 45% used [0x00000000e5c80000,0x00000000e61c0c80,0x00000000e6800000)
  to   space 11264K, 0% used [0x00000000e6880000,0x00000000e6880000,0x00000000e7380000)
 ParOldGen       total 96256K, used 17379K [0x00000000a0000000, 0x00000000a5e00000, 0x00000000e0000000)
  object space 96256K, 18% used [0x00000000a0000000,0x00000000a10f8df0,0x00000000a5e00000)
 Metaspace       used 49611K, capacity 50782K, committed 50864K, reserved 1101824K
  class space    used 6699K, capacity 7008K, committed 7088K, reserved 1048576K
}
Event: 19.801 GC heap before
{Heap before GC invocations=42 (full 17):
 PSYoungGen      total 106496K, used 5379K [0x00000000e0000000, 0x00000000e7380000, 0x0000000100000000)
  eden space 94720K, 0% used [0x00000000e0000000,0x00000000e0000000,0x00000000e5c80000)
  from space 11776K, 45% used [0x00000000e5c80000,0x00000000e61c0c80,0x00000000e6800000)
  to   space 11264K, 0% used [0x00000000e6880000,0x00000000e6880000,0x00000000e7380000)
 ParOldGen       total 96256K, used 17379K [0x00000000a0000000, 0x00000000a5e00000, 0x00000000e0000000)
  object space 96256K, 18% used [0x00000000a0000000,0x00000000a10f8df0,0x00000000a5e00000)
 Metaspace       used 49611K, capacity 50782K, committed 50864K, reserved 1101824K
  class space    used 6699K, capacity 7008K, committed 7088K, reserved 1048576K

