# JRE version: Java(TM) SE Runtime Environment (8.0_152-b16) (build 1.8.0_152-b16)
# Java VM: Java HotSpot(TM) 64-Bit Server VM (25.152-b16 mixed mode windows-amd64 compressed oops)
Heap:
 PSYoungGen      total 259072K, used 188509K [0x00000000e0000000, 0x00000000f1100000, 0x0000000100000000)
  eden space 238592K, 78% used [0x00000000e0000000,0x00000000eb7f7558,0x00000000ee900000)
  from space 20480K, 0% used [0x00000000ee900000,0x00000000ee920000,0x00000000efd00000)
  to   space 20480K, 0% used [0x00000000efd00000,0x00000000efd00000,0x00000000f1100000)
 ParOldGen       total 100352K, used 58410K [0x00000000a0000000, 0x00000000a6200000, 0x00000000e0000000)
  object space 100352K, 58% used [0x00000000a0000000,0x00000000a390aa48,0x00000000a6200000)
 Metaspace       used 54337K, capacity 56194K, committed 56496K, reserved 1097728K
  class space    used 7543K, capacity 7992K, committed 8112K, reserved 1048576K
GC Heap History (10 events):
Event: 14.046 GC heap before
{Heap before GC invocations=17 (full 2):
 PSYoungGen      total 195584K, used 179547K [0x00000000e0000000, 0x00000000eea00000, 0x0000000100000000)
  eden space 175104K, 99% used [0x00000000e0000000,0x00000000eaa99460,0x00000000eab00000)
  from space 20480K, 23% used [0x00000000ebe80000,0x00000000ec33db20,0x00000000ed280000)
  to   space 19968K, 0% used [0x00000000eab00000,0x00000000eab00000,0x00000000ebe80000)
 ParOldGen       total 100352K, used 53746K [0x00000000a0000000, 0x00000000a6200000, 0x00000000e0000000)
  object space 100352K, 53% used [0x00000000a0000000,0x00000000a347c998,0x00000000a6200000)
 Metaspace       used 54026K, capacity 55832K, committed 56112K, reserved 1097728K
  class space    used 7487K, capacity 7881K, committed 7984K, reserved 1048576K
Event: 14.056 GC heap after
Heap after GC invocations=17 (full 2):
 PSYoungGen      total 195072K, used 64K [0x00000000e0000000, 0x00000000eea00000, 0x0000000100000000)
  eden space 175104K, 0% used [0x00000000e0000000,0x00000000e0000000,0x00000000eab00000)
  from space 19968K, 0% used [0x00000000eab00000,0x00000000eab10000,0x00000000ebe80000)
  to   space 20480K, 0% used [0x00000000ebe80000,0x00000000ebe80000,0x00000000ed280000)
 ParOldGen       total 100352K, used 58330K [0x00000000a0000000, 0x00000000a6200000, 0x00000000e0000000)
  object space 100352K, 58% used [0x00000000a0000000,0x00000000a38f6a48,0x00000000a6200000)
 Metaspace       used 54026K, capacity 55832K, committed 56112K, reserved 1097728K
  class space    used 7487K, capacity 7881K, committed 7984K, reserved 1048576K
}
Event: 14.081 GC heap before
{Heap before GC invocations=18 (full 2):
 PSYoungGen      total 195072K, used 174738K [0x00000000e0000000, 0x00000000eea00000, 0x0000000100000000)
  eden space 175104K, 99% used [0x00000000e0000000,0x00000000eaa94a68,0x00000000eab00000)
  from space 19968K, 0% used [0x00000000eab00000,0x00000000eab10000,0x00000000ebe80000)
  to   space 20480K, 0% used [0x00000000ebe80000,0x00000000ebe80000,0x00000000ed280000)
 ParOldGen       total 100352K, used 58330K [0x00000000a0000000, 0x00000000a6200000, 0x00000000e0000000)
  object space 100352K, 58% used [0x00000000a0000000,0x00000000a38f6a48,0x00000000a6200000)
 Metaspace       used 54034K, capacity 55832K, committed 56112K, reserved 1097728K
  class space    used 7487K, capacity 7881K, committed 7984K, reserved 1048576K
Event: 14.085 GC heap after
Heap after GC invocations=18 (full 2):
 PSYoungGen      total 195584K, used 64K [0x00000000e0000000, 0x00000000eea00000, 0x0000000100000000)
  eden space 175104K, 0% used [0x00000000e0000000,0x00000000e0000000,0x00000000eab00000)
  from space 20480K, 0% used [0x00000000ebe80000,0x00000000ebe90000,0x00000000ed280000)
  to   space 19968K, 0% used [0x00000000eab00000,0x00000000eab00000,0x00000000ebe80000)
 ParOldGen       total 100352K, used 58354K [0x00000000a0000000, 0x00000000a6200000, 0x00000000e0000000)
  object space 100352K, 58% used [0x00000000a0000000,0x00000000a38fca48,0x00000000a6200000)
 Metaspace       used 54034K, capacity 55832K, committed 56112K, reserved 1097728K
  class space    used 7487K, capacity 7881K, committed 7984K, reserved 1048576K
}
Event: 14.121 GC heap before
{Heap before GC invocations=19 (full 2):
 PSYoungGen      total 195584K, used 175040K [0x00000000e0000000, 0x00000000eea00000, 0x0000000100000000)
  eden space 175104K, 99% used [0x00000000e0000000,0x00000000eaae0158,0x00000000eab00000)
  from space 20480K, 0% used [0x00000000ebe80000,0x00000000ebe90000,0x00000000ed280000)
  to   space 19968K, 0% used [0x00000000eab00000,0x00000000eab00000,0x00000000ebe80000)
 ParOldGen       total 100352K, used 58354K [0x00000000a0000000, 0x00000000a6200000, 0x00000000e0000000)
  object space 100352K, 58% used [0x00000000a0000000,0x00000000a38fca48,0x00000000a6200000)
 Metaspace       used 54035K, capacity 55832K, committed 56112K, reserved 1097728K
  class space    used 7487K, capacity 7881K, committed 7984K, reserved 1048576K
Event: 14.122 GC heap after
Heap after GC invocations=19 (full 2):
 PSYoungGen      total 195072K, used 128K [0x00000000e0000000, 0x00000000f1180000, 0x0000000100000000)
  eden space 175104K, 0% used [0x00000000e0000000,0x00000000e0000000,0x00000000eab00000)
  from space 19968K, 0% used [0x00000000eab00000,0x00000000eab20000,0x00000000ebe80000)
  to   space 20992K, 0% used [0x00000000efd00000,0x00000000efd00000,0x00000000f1180000)
 ParOldGen       total 100352K, used 58370K [0x00000000a0000000, 0x00000000a6200000, 0x00000000e0000000)
  object space 100352K, 58% used [0x00000000a0000000,0x00000000a3900a48,0x00000000a6200000)
 Metaspace       used 54035K, capacity 55832K, committed 56112K, reserved 1097728K
  class space    used 7487K, capacity 7881K, committed 7984K, reserved 1048576K
}
Event: 14.150 GC heap before
{Heap before GC invocations=20 (full 2):
 PSYoungGen      total 195072K, used 174956K [0x00000000e0000000, 0x00000000f1180000, 0x0000000100000000)
  eden space 175104K, 99% used [0x00000000e0000000,0x00000000eaabb100,0x00000000eab00000)
  from space 19968K, 0% used [0x00000000eab00000,0x00000000eab20000,0x00000000ebe80000)
  to   space 20992K, 0% used [0x00000000efd00000,0x00000000efd00000,0x00000000f1180000)
 ParOldGen       total 100352K, used 58370K [0x00000000a0000000, 0x00000000a6200000, 0x00000000e0000000)
  object space 100352K, 58% used [0x00000000a0000000,0x00000000a3900a48,0x00000000a6200000)
 Metaspace       used 54035K, capacity 55832K, committed 56112K, reserved 1097728K
  class space    used 7487K, capacity 7881K, committed 7984K, reserved 1048576K
Event: 14.159 GC heap after
Heap after GC invocations=20 (full 2):
 PSYoungGen      total 259072K, used 96K [0x00000000e0000000, 0x00000000f1100000, 0x0000000100000000)
  eden space 238592K, 0% used [0x00000000e0000000,0x00000000e0000000,0x00000000ee900000)
  from space 20480K, 0% used [0x00000000efd00000,0x00000000efd18000,0x00000000f1100000)
  to   space 20480K, 0% used [0x00000000ee900000,0x00000000ee900000,0x00000000efd00000)
 ParOldGen       total 100352K, used 58386K [0x00000000a0000000, 0x00000000a6200000, 0x00000000e0000000)
  object space 100352K, 58% used [0x00000000a0000000,0x00000000a3904a48,0x00000000a6200000)
 Metaspace       used 54035K, capacity 55832K, committed 56112K, reserved 1097728K
  class space    used 7487K, capacity 7881K, committed 7984K, reserved 1048576K
}
Event: 14.218 GC heap before
{Heap before GC invocations=21 (full 2):
 PSYoungGen      total 259072K, used 238004K [0x00000000e0000000, 0x00000000f1100000, 0x0000000100000000)
  eden space 238592K, 99% used [0x00000000e0000000,0x00000000ee8552c8,0x00000000ee900000)
  from space 20480K, 0% used [0x00000000efd00000,0x00000000efd18000,0x00000000f1100000)
  to   space 20480K, 0% used [0x00000000ee900000,0x00000000ee900000,0x00000000efd00000)
 ParOldGen       total 100352K, used 58386K [0x00000000a0000000, 0x00000000a6200000, 0x00000000e0000000)
  object space 100352K, 58% used [0x00000000a0000000,0x00000000a3904a48,0x00000000a6200000)
 Metaspace       used 54035K, capacity 55832K, committed 56112K, reserved 1097728K
  class space    used 7487K, capacity 7881K, committed 7984K, reserved 1048576K
Event: 14.220 GC heap after
Heap after GC invocations=21 (full 2):
 PSYoungGen      total 259072K, used 128K [0x00000000e0000000, 0x00000000f1100000, 0x0000000100000000)
  eden space 238592K, 0% used [0x00000000e0000000,0x00000000e0000000,0x00000000ee900000)
  from space 20480K, 0% used [0x00000000ee900000,0x00000000ee920000,0x00000000efd00000)
  to   space 20480K, 0% used [0x00000000efd00000,0x00000000efd00000,0x00000000f1100000)
 ParOldGen       total 100352K, used 58410K [0x00000000a0000000, 0x00000000a6200000, 0x00000000e0000000)
  object space 100352K, 58% used [0x00000000a0000000,0x00000000a390aa48,0x00000000a6200000)
 Metaspace       used 54035K, capacity 55832K, committed 56112K, reserved 1097728K
  class space    used 7487K, capacity 7881K, committed 7984K, reserved 1048576K
}

