# JRE version: Java(TM) SE Runtime Environment (8.0_152-b16) (build 1.8.0_152-b16)
# Java VM: Java HotSpot(TM) 64-Bit Server VM (25.152-b16 mixed mode windows-amd64 compressed oops)
Heap:
 PSYoungGen      total 269312K, used 46942K [0x00000000e0000000, 0x00000000f2700000, 0x0000000100000000)
  eden space 236544K, 5% used [0x00000000e0000000,0x00000000e0ddbbf8,0x00000000ee700000)
  from space 32768K, 99% used [0x00000000ee700000,0x00000000f06fbf30,0x00000000f0700000)
  to   space 28160K, 0% used [0x00000000f0b80000,0x00000000f0b80000,0x00000000f2700000)
 ParOldGen       total 170496K, used 76254K [0x00000000a0000000, 0x00000000aa680000, 0x00000000e0000000)
  object space 170496K, 44% used [0x00000000a0000000,0x00000000a4a77b80,0x00000000aa680000)
 Metaspace       used 64417K, capacity 66312K, committed 66480K, reserved 1105920K
  class space    used 8583K, capacity 9014K, committed 9136K, reserved 1048576K
GC Heap History (10 events):
Event: 12.493 GC heap before
{Heap before GC invocations=10 (full 2):
 PSYoungGen      total 157184K, used 157155K [0x00000000e0000000, 0x00000000edd00000, 0x0000000100000000)
  eden space 139776K, 100% used [0x00000000e0000000,0x00000000e8880000,0x00000000e8880000)
  from space 17408K, 99% used [0x00000000e8880000,0x00000000e9978cb0,0x00000000e9980000)
  to   space 22016K, 0% used [0x00000000ec780000,0x00000000ec780000,0x00000000edd00000)
 ParOldGen       total 112640K, used 22061K [0x00000000a0000000, 0x00000000a6e00000, 0x00000000e0000000)
  object space 112640K, 19% used [0x00000000a0000000,0x00000000a158b4a8,0x00000000a6e00000)
 Metaspace       used 57024K, capacity 58596K, committed 58672K, reserved 1099776K
  class space    used 7822K, capacity 8183K, committed 8240K, reserved 1048576K
Event: 12.525 GC heap after
Heap after GC invocations=10 (full 2):
 PSYoungGen      total 193024K, used 22005K [0x00000000e0000000, 0x00000000ef200000, 0x0000000100000000)
  eden space 171008K, 0% used [0x00000000e0000000,0x00000000e0000000,0x00000000ea700000)
  from space 22016K, 99% used [0x00000000ec780000,0x00000000edcfd758,0x00000000edd00000)
  to   space 33280K, 0% used [0x00000000ea700000,0x00000000ea700000,0x00000000ec780000)
 ParOldGen       total 112640K, used 40509K [0x00000000a0000000, 0x00000000a6e00000, 0x00000000e0000000)
  object space 112640K, 35% used [0x00000000a0000000,0x00000000a278f6f0,0x00000000a6e00000)
 Metaspace       used 57024K, capacity 58596K, committed 58672K, reserved 1099776K
  class space    used 7822K, capacity 8183K, committed 8240K, reserved 1048576K
}
Event: 12.650 GC heap before
{Heap before GC invocations=11 (full 2):
 PSYoungGen      total 193024K, used 33662K [0x00000000e0000000, 0x00000000ef200000, 0x0000000100000000)
  eden space 171008K, 6% used [0x00000000e0000000,0x00000000e0b620d8,0x00000000ea700000)
  from space 22016K, 99% used [0x00000000ec780000,0x00000000edcfd758,0x00000000edd00000)
  to   space 33280K, 0% used [0x00000000ea700000,0x00000000ea700000,0x00000000ec780000)
 ParOldGen       total 112640K, used 40509K [0x00000000a0000000, 0x00000000a6e00000, 0x00000000e0000000)
  object space 112640K, 35% used [0x00000000a0000000,0x00000000a278f6f0,0x00000000a6e00000)
 Metaspace       used 57373K, capacity 59046K, committed 59160K, reserved 1099776K
  class space    used 7887K, capacity 8289K, committed 8368K, reserved 1048576K
Event: 12.671 GC heap after
Heap after GC invocations=11 (full 2):
 PSYoungGen      total 204288K, used 22841K [0x00000000e0000000, 0x00000000f2d80000, 0x0000000100000000)
  eden space 171008K, 0% used [0x00000000e0000000,0x00000000e0000000,0x00000000ea700000)
  from space 33280K, 68% used [0x00000000ea700000,0x00000000ebd4e670,0x00000000ec780000)
  to   space 34816K, 0% used [0x00000000f0b80000,0x00000000f0b80000,0x00000000f2d80000)
 ParOldGen       total 112640K, used 40517K [0x00000000a0000000, 0x00000000a6e00000, 0x00000000e0000000)
  object space 112640K, 35% used [0x00000000a0000000,0x00000000a27916f0,0x00000000a6e00000)
 Metaspace       used 57373K, capacity 59046K, committed 59160K, reserved 1099776K
  class space    used 7887K, capacity 8289K, committed 8368K, reserved 1048576K
}
Event: 12.671 GC heap before
{Heap before GC invocations=12 (full 3):
 PSYoungGen      total 204288K, used 22841K [0x00000000e0000000, 0x00000000f2d80000, 0x0000000100000000)
  eden space 171008K, 0% used [0x00000000e0000000,0x00000000e0000000,0x00000000ea700000)
  from space 33280K, 68% used [0x00000000ea700000,0x00000000ebd4e670,0x00000000ec780000)
  to   space 34816K, 0% used [0x00000000f0b80000,0x00000000f0b80000,0x00000000f2d80000)
 ParOldGen       total 112640K, used 40517K [0x00000000a0000000, 0x00000000a6e00000, 0x00000000e0000000)
  object space 112640K, 35% used [0x00000000a0000000,0x00000000a27916f0,0x00000000a6e00000)
 Metaspace       used 57373K, capacity 59046K, committed 59160K, reserved 1099776K
  class space    used 7887K, capacity 8289K, committed 8368K, reserved 1048576K
Event: 12.858 GC heap after
Heap after GC invocations=12 (full 3):
 PSYoungGen      total 204288K, used 0K [0x00000000e0000000, 0x00000000f2d80000, 0x0000000100000000)
  eden space 171008K, 0% used [0x00000000e0000000,0x00000000e0000000,0x00000000ea700000)
  from space 33280K, 0% used [0x00000000ea700000,0x00000000ea700000,0x00000000ec780000)
  to   space 34816K, 0% used [0x00000000f0b80000,0x00000000f0b80000,0x00000000f2d80000)
 ParOldGen       total 170496K, used 53615K [0x00000000a0000000, 0x00000000aa680000, 0x00000000e0000000)
  object space 170496K, 31% used [0x00000000a0000000,0x00000000a345bc90,0x00000000aa680000)
 Metaspace       used 57373K, capacity 59046K, committed 59160K, reserved 1099776K
  class space    used 7887K, capacity 8289K, committed 8368K, reserved 1048576K
}
Event: 13.689 GC heap before
{Heap before GC invocations=13 (full 3):
 PSYoungGen      total 204288K, used 171008K [0x00000000e0000000, 0x00000000f2d80000, 0x0000000100000000)
  eden space 171008K, 100% used [0x00000000e0000000,0x00000000ea700000,0x00000000ea700000)
  from space 33280K, 0% used [0x00000000ea700000,0x00000000ea700000,0x00000000ec780000)
  to   space 34816K, 0% used [0x00000000f0b80000,0x00000000f0b80000,0x00000000f2d80000)
 ParOldGen       total 170496K, used 53615K [0x00000000a0000000, 0x00000000aa680000, 0x00000000e0000000)
  object space 170496K, 31% used [0x00000000a0000000,0x00000000a345bc90,0x00000000aa680000)
 Metaspace       used 58761K, capacity 60582K, committed 60720K, reserved 1101824K
  class space    used 8019K, capacity 8449K, committed 8496K, reserved 1048576K
Event: 13.718 GC heap after
Heap after GC invocations=13 (full 3):
 PSYoungGen      total 264704K, used 15143K [0x00000000e0000000, 0x00000000f2700000, 0x0000000100000000)
  eden space 236544K, 0% used [0x00000000e0000000,0x00000000e0000000,0x00000000ee700000)
  from space 28160K, 53% used [0x00000000f0b80000,0x00000000f1a49e40,0x00000000f2700000)
  to   space 32768K, 0% used [0x00000000ee700000,0x00000000ee700000,0x00000000f0700000)
 ParOldGen       total 170496K, used 53623K [0x00000000a0000000, 0x00000000aa680000, 0x00000000e0000000)
  object space 170496K, 31% used [0x00000000a0000000,0x00000000a345dc90,0x00000000aa680000)
 Metaspace       used 58761K, capacity 60582K, committed 60720K, reserved 1101824K
  class space    used 8019K, capacity 8449K, committed 8496K, reserved 1048576K
}
Event: 19.146 GC heap before
{Heap before GC invocations=14 (full 3):
 PSYoungGen      total 264704K, used 251687K [0x00000000e0000000, 0x00000000f2700000, 0x0000000100000000)
  eden space 236544K, 100% used [0x00000000e0000000,0x00000000ee700000,0x00000000ee700000)
  from space 28160K, 53% used [0x00000000f0b80000,0x00000000f1a49e40,0x00000000f2700000)
  to   space 32768K, 0% used [0x00000000ee700000,0x00000000ee700000,0x00000000f0700000)
 ParOldGen       total 170496K, used 53623K [0x00000000a0000000, 0x00000000aa680000, 0x00000000e0000000)
  object space 170496K, 31% used [0x00000000a0000000,0x00000000a345dc90,0x00000000aa680000)
 Metaspace       used 64401K, capacity 66312K, committed 66480K, reserved 1105920K
  class space    used 8583K, capacity 9014K, committed 9136K, reserved 1048576K
Event: 19.196 GC heap after
Heap after GC invocations=14 (full 3):
 PSYoungGen      total 269312K, used 32751K [0x00000000e0000000, 0x00000000f2700000, 0x0000000100000000)
  eden space 236544K, 0% used [0x00000000e0000000,0x00000000e0000000,0x00000000ee700000)
  from space 32768K, 99% used [0x00000000ee700000,0x00000000f06fbf30,0x00000000f0700000)
  to   space 28160K, 0% used [0x00000000f0b80000,0x00000000f0b80000,0x00000000f2700000)
 ParOldGen       total 170496K, used 76254K [0x00000000a0000000, 0x00000000aa680000, 0x00000000e0000000)
  object space 170496K, 44% used [0x00000000a0000000,0x00000000a4a77b80,0x00000000aa680000)
 Metaspace       used 64401K, capacity 66312K, committed 66480K, reserved 1105920K
  class space    used 8583K, capacity 9014K, committed 9136K, reserved 1048576K
}

